Command line: /cvmfs/soft.computecanada.ca/easybuild/software/2023/x86-64-v3/Compiler/gcccore/spades/4.2.0/bin/spades.py	-1	/project/def-meskanda/yhezema/MAGIC/Assembly/trimmed/RG11/RG11_R1_trimmed_pe.fastq.gz	--s1	/project/def-meskanda/yhezema/MAGIC/Assembly/trimmed/RG11/RG11_R1_trimmed_se.fastq.gz	-2	/project/def-meskanda/yhezema/MAGIC/Assembly/trimmed/RG11/RG11_R2_trimmed_pe.fastq.gz	--s2	/project/def-meskanda/yhezema/MAGIC/Assembly/trimmed/RG11/RG11_R2_trimmed_se.fastq.gz	-o	/project/def-meskanda/yhezema/MAGIC/Assembly/assemblies/RG11	-t	16	-m	240	

System information:
  SPAdes version: 4.2.0
  Python version: 3.11.5
  OS: Linux-5.14.0-362.24.2.el9_3.x86_64-x86_64-Intel-R-_Xeon-R-_CPU_E5-2683_v4_@_2.10GHz-with-glibc2.37

Output dir: /project/def-meskanda/yhezema/MAGIC/Assembly/assemblies/RG11
Mode: read error correction and assembling
Debug mode is turned OFF

Dataset parameters:
  Standard mode
  For multi-cell/isolate data we recommend to use '--isolate' option; for single-cell MDA data use '--sc'; for metagenomic data use '--meta'; for RNA-Seq use '--rna'.
  Reads:
    Library number: 1, library type: paired-end
      orientation: fr
      left reads: ['/project/def-meskanda/yhezema/MAGIC/Assembly/trimmed/RG11/RG11_R1_trimmed_pe.fastq.gz']
      right reads: ['/project/def-meskanda/yhezema/MAGIC/Assembly/trimmed/RG11/RG11_R2_trimmed_pe.fastq.gz']
      interlaced reads: not specified
      single reads: not specified
      merged reads: not specified
    Library number: 2, library type: single
      left reads: not specified
      right reads: not specified
      interlaced reads: not specified
      single reads: ['/project/def-meskanda/yhezema/MAGIC/Assembly/trimmed/RG11/RG11_R1_trimmed_se.fastq.gz']
      merged reads: not specified
    Library number: 3, library type: single
      left reads: not specified
      right reads: not specified
      interlaced reads: not specified
      single reads: ['/project/def-meskanda/yhezema/MAGIC/Assembly/trimmed/RG11/RG11_R2_trimmed_se.fastq.gz']
      merged reads: not specified
Read error correction parameters:
  Iterations: 1
  PHRED offset will be auto-detected
  Corrected reads will be compressed
Assembly parameters:
  k: automatic selection based on read length
  Repeat resolution is enabled
  Mismatch careful mode is turned OFF
  MismatchCorrector will be SKIPPED
  Coverage cutoff is turned OFF
  Assembly graph output will use GFA v1.2 format
Other parameters:
  Dir for temp files: /project/def-meskanda/yhezema/MAGIC/Assembly/assemblies/RG11/tmp
  Threads: 16
  Memory limit (in Gb): 240


======= SPAdes pipeline started. Log can be found here: /project/def-meskanda/yhezema/MAGIC/Assembly/assemblies/RG11/spades.log

/project/def-meskanda/yhezema/MAGIC/Assembly/trimmed/RG11/RG11_R1_trimmed_pe.fastq.gz: max reads length: 151
/project/def-meskanda/yhezema/MAGIC/Assembly/trimmed/RG11/RG11_R2_trimmed_pe.fastq.gz: max reads length: 151
/project/def-meskanda/yhezema/MAGIC/Assembly/trimmed/RG11/RG11_R1_trimmed_se.fastq.gz: max reads length: 151
/project/def-meskanda/yhezema/MAGIC/Assembly/trimmed/RG11/RG11_R2_trimmed_se.fastq.gz: max reads length: 151

Reads length: 151

Default k-mer sizes were set to [21, 33, 55, 77] because estimated read length (151) is equal to or greater than 150

===== Before start started. 


===== Read error correction started. 


===== Read error correction started. 


== Running: /cvmfs/soft.computecanada.ca/easybuild/software/2023/x86-64-v3/Compiler/gcccore/spades/4.2.0/bin/spades-hammer /project/def-meskanda/yhezema/MAGIC/Assembly/assemblies/RG11/corrected/configs/config.info

  0:00:00.000     1M / 25M   INFO    General                 (main.cpp                  :  76)   Starting BayesHammer, built from N/A, git revision N/A
  0:00:00.006     1M / 25M   INFO    General                 (main.cpp                  :  77)   Loading config from "/project/def-meskanda/yhezema/MAGIC/Assembly/assemblies/RG11/corrected/configs/config.info"
  0:00:00.056     1M / 25M   INFO    General                 (main.cpp                  :  79)   Maximum # of threads to use (adjusted due to OMP capabilities): 16
  0:00:00.056     1M / 25M   INFO    General                 (memory_limit.cpp          :  55)   Memory limit set to 240 Gb
  0:00:00.056     1M / 25M   INFO    General                 (main.cpp                  :  87)   Trying to determine PHRED offset
  0:00:00.089     1M / 25M   INFO    General                 (main.cpp                  :  93)   Determined value is 33
  0:00:00.089     1M / 25M   INFO    General                 (hammer_tools.cpp          :  40)   Hamming graph threshold tau=1, k=21, subkmer positions = [ 0 10 ]
  0:00:00.089     1M / 25M   INFO    General                 (main.cpp                  : 114)   Size of aux. kmer data 24 bytes
     === ITERATION 0 begins ===
  0:00:00.181     1M / 25M   INFO    General                 (kmer_index_builder.hpp    : 308)   Splitting kmer instances into 16 files using 16 threads. This might take a while.
  0:00:00.922     1M / 25M   INFO    General                 (file_limit.hpp            :  43)   Open file limit set to 51200
  0:00:00.922     1M / 25M   INFO    General                 (kmer_splitter.hpp         :  96)   Memory available for splitting buffers: 5 Gb
  0:00:00.923     1M / 25M   INFO    General                 (kmer_splitter.hpp         : 104)   Using cell size of 4194304
  0:00:01.048  9217M / 9217M INFO   K-mer Splitting          (kmer_data.cpp             :  98)   Processing "/project/def-meskanda/yhezema/MAGIC/Assembly/trimmed/RG11/RG11_R1_trimmed_pe.fastq.gz"
  0:00:20.852  9217M / 15G   INFO   K-mer Splitting          (kmer_data.cpp             : 108)   Processed 3795824 reads
  0:00:40.731  9217M / 15G   INFO   K-mer Splitting          (kmer_data.cpp             : 108)   Processed 7555559 reads
  0:01:00.069  9217M / 15G   INFO   K-mer Splitting          (kmer_data.cpp             : 108)   Processed 11278829 reads
  0:01:17.959  9217M / 15G   INFO   K-mer Splitting          (kmer_data.cpp             : 108)   Processed 14916899 reads
  0:01:37.578  9217M / 15G   INFO   K-mer Splitting          (kmer_data.cpp             : 108)   Processed 18684791 reads
  0:01:55.630  9217M / 15G   INFO   K-mer Splitting          (kmer_data.cpp             : 108)   Processed 22087933 reads
  0:02:13.299  9217M / 15G   INFO   K-mer Splitting          (kmer_data.cpp             : 108)   Processed 25567621 reads
  0:02:32.826  9217M / 15G   INFO   K-mer Splitting          (kmer_data.cpp             : 108)   Processed 28992707 reads
  0:02:51.460  9217M / 15G   INFO   K-mer Splitting          (kmer_data.cpp             : 108)   Processed 32531668 reads
  0:03:10.538  9217M / 15G   INFO   K-mer Splitting          (kmer_data.cpp             : 108)   Processed 36360749 reads
  0:03:30.207  9217M / 15G   INFO   K-mer Splitting          (kmer_data.cpp             : 108)   Processed 40034699 reads
  0:06:00.587  9217M / 15G   INFO   K-mer Splitting          (kmer_data.cpp             : 108)   Processed 69091171 reads
  0:11:59.129  9217M / 16G   INFO   K-mer Splitting          (kmer_data.cpp             : 108)   Processed 137161619 reads
  0:12:05.985  9217M / 16G   INFO   K-mer Splitting          (kmer_data.cpp             :  98)   Processing "/project/def-meskanda/yhezema/MAGIC/Assembly/trimmed/RG11/RG11_R2_trimmed_pe.fastq.gz"
  0:23:30.033  9217M / 16G   INFO   K-mer Splitting          (kmer_data.cpp             : 108)   Processed 272096697 reads
  0:23:53.373  9217M / 16G   INFO   K-mer Splitting          (kmer_data.cpp             :  98)   Processing "/project/def-meskanda/yhezema/MAGIC/Assembly/trimmed/RG11/RG11_R1_trimmed_se.fastq.gz"
  0:26:52.696  9217M / 16G   INFO   K-mer Splitting          (kmer_data.cpp             :  98)   Processing "/project/def-meskanda/yhezema/MAGIC/Assembly/trimmed/RG11/RG11_R2_trimmed_se.fastq.gz"
  0:27:03.191  9217M / 16G   INFO   K-mer Splitting          (kmer_data.cpp             : 113)   Total 324298106 reads processed
  0:27:03.217     1M / 16G   INFO    General                 (kmer_index_builder.hpp    : 314)   Starting k-mer counting.
  0:27:03.628     1M / 16G   ERROR   General                 (mmapped_reader.hpp        :  52)   mmap(2) failed. Reason: Cannot allocate memory. Error code: 12
=== Stack Trace ===
/cvmfs/soft.computecanada.ca/easybuild/software/2023/x86-64-v3/Compiler/gcccore/spades/4.2.0/bin/spades-hammer() [0x41bbd5]
/cvmfs/soft.computecanada.ca/easybuild/software/2023/x86-64-v3/Compiler/gcccore/spades/4.2.0/bin/spades-hammer() [0x436ea8]
/cvmfs/soft.computecanada.ca/easybuild/software/2023/x86-64-v3/Compiler/gcccore/spades/4.2.0/bin/spades-hammer() [0x44dc4e]
/cvmfs/soft.computecanada.ca/easybuild/software/2023/x86-64-v3/Compiler/gcccore/spades/4.2.0/bin/spades-hammer() [0x463b48]
/cvmfs/soft.computecanada.ca/easybuild/software/2023/x86-64-v3/Compiler/gcccore/spades/4.2.0/bin/spades-hammer() [0x46548d]
/cvmfs/soft.computecanada.ca/gentoo/2023/x86-64-v3/usr/lib/gcc/x86_64-pc-linux-gnu/14/libgomp.so.1(+0x21440) [0x145aab10c440]
/cvmfs/soft.computecanada.ca/gentoo/2023/x86-64-v3/usr/lib64/libc.so.6(+0x84a9d) [0x145aaabd7a9d]
/cvmfs/soft.computecanada.ca/gentoo/2023/x86-64-v3/usr/lib64/libc.so.6(+0x10509c) [0x145aaac5809c]


== Error ==  system call for: "['/cvmfs/soft.computecanada.ca/easybuild/software/2023/x86-64-v3/Compiler/gcccore/spades/4.2.0/bin/spades-hammer', '/project/def-meskanda/yhezema/MAGIC/Assembly/assemblies/RG11/corrected/configs/config.info']" finished abnormally, OS return value: 12
None

In case you have troubles running SPAdes, you can report an issue on our GitHub repository github.com/ablab/spades
Please provide us with params.txt and spades.log files from the output directory.

SPAdes log can be found here: /project/def-meskanda/yhezema/MAGIC/Assembly/assemblies/RG11/spades.log

Thank you for using SPAdes! If you use it in your research, please cite:

  Prjibelski, A., Antipov, D., Meleshko, D., Lapidus, A. and Korobeynikov, A., 2020. Using SPAdes de novo assembler. Current protocols in bioinformatics, 70(1), p.e102.
  doi.org/10.1002/cpbi.102

