Command line: /home/yhezema/.local/share/mamba/envs/unicycler_env/bin/spades.py	-o	/project/def-meskanda/yhezema/MAGIC/Assembly/assemblies/07-78/unicycler_se/spades_assembly	-k	27	--threads	16	--gfa11	--isolate	-s	/project/def-meskanda/yhezema/MAGIC/Assembly/trimmed/07-78/07-78_R1_trimmed_se.fastq.gz	-m	1024	

System information:
  SPAdes version: 4.2.0
  Python version: 3.12.11
  OS: Linux-5.14.0-362.24.2.el9_3.x86_64-x86_64-Intel-R-_Xeon-R-_Platinum_8160_CPU_@_2.10GHz-with-glibc2.34

Output dir: /project/def-meskanda/yhezema/MAGIC/Assembly/assemblies/07-78/unicycler_se/spades_assembly
Mode: ONLY assembling (without read error correction)
Debug mode is turned OFF

Dataset parameters:
  Isolate mode
  Reads:
    Library number: 1, library type: single
      left reads: not specified
      right reads: not specified
      interlaced reads: not specified
      single reads: ['/project/def-meskanda/yhezema/MAGIC/Assembly/trimmed/07-78/07-78_R1_trimmed_se.fastq.gz']
      merged reads: not specified
Assembly parameters:
  k: [27]
  Repeat resolution is enabled
  Mismatch careful mode is turned OFF
  MismatchCorrector will be SKIPPED
  Coverage cutoff is turned OFF
  Assembly graph output will use GFA v1.1 format
Other parameters:
  Dir for temp files: /project/def-meskanda/yhezema/MAGIC/Assembly/assemblies/07-78/unicycler_se/spades_assembly/tmp
  Threads: 16
  Memory limit (in Gb): 1024


======= SPAdes pipeline started. Log can be found here: /project/def-meskanda/yhezema/MAGIC/Assembly/assemblies/07-78/unicycler_se/spades_assembly/spades.log

/project/def-meskanda/yhezema/MAGIC/Assembly/trimmed/07-78/07-78_R1_trimmed_se.fastq.gz: max reads length: 151

Reads length: 151


===== Before start started. 


===== Assembling started. 


===== K27 started. 


== Running: /home/yhezema/.local/share/mamba/envs/unicycler_env/bin/spades-core /project/def-meskanda/yhezema/MAGIC/Assembly/assemblies/07-78/unicycler_se/spades_assembly/K27/configs/config.info /project/def-meskanda/yhezema/MAGIC/Assembly/assemblies/07-78/unicycler_se/spades_assembly/K27/configs/isolate_mode.info

  0:00:00.000     1M / 24M   INFO    General                 (main.cpp                  :  94)   Loaded config from "/project/def-meskanda/yhezema/MAGIC/Assembly/assemblies/07-78/unicycler_se/spades_assembly/K27/configs/config.info"
  0:00:00.001     1M / 24M   INFO    General                 (main.cpp                  :  94)   Loaded config from "/project/def-meskanda/yhezema/MAGIC/Assembly/assemblies/07-78/unicycler_se/spades_assembly/K27/configs/isolate_mode.info"
  0:00:00.001     1M / 24M   INFO    General                 (memory_limit.cpp          :  55)   Memory limit set to 1024 Gb
  0:00:00.001     1M / 24M   INFO    General                 (main.cpp                  : 102)   Starting SPAdes, built from N/A, git revision N/A
  0:00:00.001     1M / 24M   INFO    General                 (main.cpp                  : 103)   Maximum k-mer length: 128
  0:00:00.001     1M / 24M   INFO    General                 (main.cpp                  : 104)   Assembling dataset ("/project/def-meskanda/yhezema/MAGIC/Assembly/assemblies/07-78/unicycler_se/spades_assembly/dataset.info") with K=27
  0:00:00.002     1M / 24M   INFO    General                 (main.cpp                  : 105)   Maximum # of threads to use (adjusted due to OMP capabilities): 16
  0:00:00.002     1M / 24M   INFO    General                 (pipeline.cpp              : 221)   SPAdes started
  0:00:00.002     1M / 24M   INFO    General                 (pipeline.cpp              : 234)   Starting from stage: read_conversion
  0:00:00.002     1M / 24M   INFO    General                 (pipeline.cpp              : 245)   Two-step repeat resolution disabled
  0:00:00.002     1M / 24M   INFO   GraphCore                (graph_core.hpp            : 689)   Graph created, vertex min_id: 3, edge min_id: 3
  0:00:00.002     1M / 24M   INFO   GraphCore                (graph_core.hpp            : 690)   Vertex size: 48, edge size: 40
  0:00:00.003     1M / 24M   INFO    General                 (edge_index.hpp            : 132)   Size of edge index entries: 12/8
  0:00:00.003     1M / 24M   INFO    General                 (pipeline.cpp              : 256)   Will need read mapping, kmer mapper will be attached
  0:00:00.003     1M / 24M   INFO   StageManager             (stage.cpp                 : 212)   STAGE == Binary Read Conversion (id: read_conversion)
  0:00:00.024     1M / 24M   INFO    General                 (read_converter.cpp        :  78)   Converting reads to binary format for library #0 (takes a while)
  0:00:00.024     1M / 24M   INFO    General                 (read_converter.cpp        :  99)   Converting paired reads
  0:00:00.045    29M / 36M   INFO    General                 (binary_converter.cpp      : 143)   0 reads written
  0:00:00.047     1M / 36M   INFO    General                 (read_converter.cpp        : 113)   Converting single reads
  0:00:00.370    40M / 65M   INFO    General                 (binary_converter.cpp      : 127)   16384 reads processed
  0:00:00.396    40M / 67M   INFO    General                 (binary_converter.cpp      : 127)   32768 reads processed
  0:00:00.427    40M / 69M   INFO    General                 (binary_converter.cpp      : 127)   65536 reads processed
  0:00:00.744    40M / 85M   INFO    General                 (binary_converter.cpp      : 127)   131072 reads processed
  0:00:01.027    25M / 101M  INFO    General                 (binary_converter.cpp      : 127)   262144 reads processed
  0:00:01.828     0M / 127M  INFO    General                 (binary_converter.cpp      : 127)   524288 reads processed
  0:00:03.385     0M / 158M  INFO    General                 (binary_converter.cpp      : 127)   1048576 reads processed
  0:00:06.462     0M / 224M  INFO    General                 (binary_converter.cpp      : 127)   2097152 reads processed
  0:00:12.647     0M / 372M  INFO    General                 (binary_converter.cpp      : 127)   4194304 reads processed
  0:00:25.065     0M / 407M  INFO    General                 (binary_converter.cpp      : 127)   8388608 reads processed
  0:00:49.780     0M / 442M  INFO    General                 (binary_converter.cpp      : 127)   16777216 reads processed
  0:01:39.999     0M / 566M  INFO    General                 (binary_converter.cpp      : 127)   33554432 reads processed
  0:03:20.117     0M / 566M  INFO    General                 (binary_converter.cpp      : 127)   67108864 reads processed
  0:06:40.812     0M / 566M  INFO    General                 (binary_converter.cpp      : 127)   134217728 reads processed
  0:08:41.754     0M / 566M  INFO    General                 (binary_converter.cpp      : 143)   174552681 reads written
  0:08:41.761     0M / 566M  INFO    General                 (read_converter.cpp        : 119)   Converting merged reads
  0:08:41.771     0M / 566M  INFO    General                 (binary_converter.cpp      : 143)   0 reads written
  0:08:41.891     1M / 566M  INFO   StageManager             (stage.cpp                 : 212)   STAGE == de Bruijn graph construction (id: construction)
  0:08:42.230     1M / 566M  INFO    General                 (construction.cpp          : 150)   Max read length 151
  0:08:42.230     1M / 566M  INFO    General                 (construction.cpp          : 156)   Average read length 140.947
  0:08:42.230     1M / 566M  INFO    General                 (stage.cpp                 : 121)   PROCEDURE == k+1-mer counting (id: construction:kpomer_counting)
  0:08:42.230     1M / 566M  INFO    General                 (kmer_index_builder.hpp    : 308)   Splitting kmer instances into 160 files using 16 threads. This might take a while.
  0:08:44.021     1M / 566M  INFO    General                 (file_limit.hpp            :  43)   Open file limit set to 51200
  0:08:44.022     1M / 566M  INFO    General                 (kmer_splitter.hpp         :  96)   Memory available for splitting buffers: 21.3333 Gb
  0:08:44.022     1M / 566M  INFO    General                 (kmer_splitter.hpp         : 104)   Using cell size of 419430
  0:08:58.872  9601M / 11G   INFO    General                 (kmer_splitters.hpp        : 128)   Processed 18494966 reads
  0:09:11.402  9601M / 11G   INFO    General                 (kmer_splitters.hpp        : 128)   Processed 36978798 reads
  0:09:23.743  9601M / 11G   INFO    General                 (kmer_splitters.hpp        : 128)   Processed 55444847 reads
  0:09:37.055  9601M / 11G   INFO    General                 (kmer_splitters.hpp        : 128)   Processed 73906780 reads
  0:09:51.349  9601M / 11G   INFO    General                 (kmer_splitters.hpp        : 128)   Processed 92393416 reads
  0:10:06.036  9601M / 11G   INFO    General                 (kmer_splitters.hpp        : 128)   Processed 110889172 reads
  0:10:19.613  9601M / 11G   INFO    General                 (kmer_splitters.hpp        : 128)   Processed 129384456 reads
  0:10:33.428  9601M / 11G   INFO    General                 (kmer_splitters.hpp        : 128)   Processed 147876149 reads
  0:10:47.741  9601M / 11G   INFO    General                 (kmer_splitters.hpp        : 128)   Processed 166324264 reads
  0:11:00.454  9601M / 11G   INFO    General                 (kmer_splitters.hpp        : 128)   Processed 184785533 reads
  0:11:13.502  9601M / 11G   INFO    General                 (kmer_splitters.hpp        : 128)   Processed 203261971 reads
  0:11:26.340  9601M / 11G   INFO    General                 (kmer_splitters.hpp        : 128)   Processed 221751391 reads
  0:11:40.351  9601M / 11G   INFO    General                 (kmer_splitters.hpp        : 128)   Processed 240259950 reads
  0:12:07.702  9601M / 11G   INFO    General                 (kmer_splitters.hpp        : 128)   Processed 277226796 reads
  0:13:00.941     1M / 11G   INFO    General                 (kmer_splitters.hpp        : 134)   Used 349105362 reads
  0:13:00.956     1M / 11G   INFO    General                 (kmer_index_builder.hpp    : 314)   Starting k-mer counting.
  0:13:42.761     1M / 11G   INFO    General                 (kmer_index_builder.hpp    : 325)   K-mer counting done. There are 1725502295 kmers in total.
  0:13:42.761     1M / 11G   INFO    General                 (stage.cpp                 : 121)   PROCEDURE == Extension index construction (id: construction:extension_index_construction)
  0:13:44.073     2M / 11G   INFO   K-mer Index Building     (kmer_index_builder.hpp    : 503)   Building kmer index
  0:13:44.074     2M / 11G   INFO    General                 (kmer_index_builder.hpp    : 308)   Splitting kmer instances into 160 files using 16 threads. This might take a while.
  0:13:46.055     2M / 11G   INFO    General                 (file_limit.hpp            :  43)   Open file limit set to 51200
  0:13:46.055     2M / 11G   INFO    General                 (kmer_splitter.hpp         :  96)   Memory available for splitting buffers: 21.3333 Gb
  0:13:46.055     2M / 11G   INFO    General                 (kmer_splitter.hpp         : 104)   Using cell size of 419430
  0:13:50.425  9602M / 11G   INFO    General                 (kmer_splitters.hpp        : 197)   Processed 6770057 kmers
  0:13:53.367  9602M / 11G   INFO    General                 (kmer_splitters.hpp        : 197)   Processed 13709715 kmers
  0:13:55.624  9602M / 11G   INFO    General                 (kmer_splitters.hpp        : 197)   Processed 20920500 kmers
  0:13:59.449  9602M / 11G   INFO    General                 (kmer_splitters.hpp        : 197)   Processed 28484620 kmers
  0:14:04.222  9602M / 11G   INFO    General                 (kmer_splitters.hpp        : 197)   Processed 36510519 kmers
  0:14:08.882  9602M / 11G   INFO    General                 (kmer_splitters.hpp        : 197)   Processed 45189622 kmers
  0:14:14.072  9602M / 11G   INFO    General                 (kmer_splitters.hpp        : 197)   Processed 54638579 kmers
  0:14:18.495  9602M / 11G   INFO    General                 (kmer_splitters.hpp        : 197)   Processed 65581706 kmers
  0:14:22.941  9602M / 11G   INFO    General                 (kmer_splitters.hpp        : 197)   Processed 79616915 kmers
  0:14:30.223  9602M / 11G   INFO    General                 (kmer_splitters.hpp        : 197)   Processed 178193105 kmers
  0:14:35.302  9602M / 11G   INFO    General                 (kmer_splitters.hpp        : 197)   Processed 185096735 kmers
  0:14:40.396  9602M / 11G   INFO    General                 (kmer_splitters.hpp        : 197)   Processed 192266810 kmers
  0:14:45.506  9602M / 11G   INFO    General                 (kmer_splitters.hpp        : 197)   Processed 199753306 kmers
  0:14:50.312  9602M / 11G   INFO    General                 (kmer_splitters.hpp        : 197)   Processed 207690662 kmers
  0:14:54.856  9602M / 11G   INFO    General                 (kmer_splitters.hpp        : 197)   Processed 216254046 kmers
  0:14:58.908  9602M / 11G   INFO    General                 (kmer_splitters.hpp        : 197)   Processed 225560767 kmers
  0:15:03.070  9602M / 11G   INFO    General                 (kmer_splitters.hpp        : 197)   Processed 236120217 kmers
  0:15:07.156  9602M / 11G   INFO    General                 (kmer_splitters.hpp        : 197)   Processed 249379472 kmers
  0:15:14.384  9602M / 11G   INFO    General                 (kmer_splitters.hpp        : 197)   Processed 350736219 kmers
  0:16:03.315  9602M / 11G   INFO    General                 (kmer_splitters.hpp        : 197)   Processed 537353554 kmers
  0:18:09.062  9602M / 11G   INFO    General                 (kmer_splitters.hpp        : 197)   Processed 1078982968 kmers
  0:20:25.049  9602M / 11G   INFO    General                 (kmer_splitters.hpp        : 202)   Used 1725510215 kmers.
  0:20:25.052     2M / 11G   INFO    General                 (kmer_index_builder.hpp    : 314)   Starting k-mer counting.
  0:20:47.590     2M / 11G   INFO    General                 (kmer_index_builder.hpp    : 325)   K-mer counting done. There are 1691107526 kmers in total.
  0:20:47.591     2M / 11G   INFO   K-mer Index Building     (kmer_index_builder.hpp    : 460)   Building perfect hash indices
  0:21:42.543  1213M / 11G   INFO   K-mer Index Building     (kmer_index_builder.hpp    : 496)   Index built. Total 1691107526 kmers, 1221541672 bytes occupied (5.77866 bits per kmer).
  0:21:42.546  1213M / 11G   INFO    General                 (kmer_index_builder.hpp    : 191)   Merging final buckets.
mimalloc: warning: unable to allocate aligned OS memory directly, fall back to over-allocation (1698693120 bytes, address: 0x153df0ed3000, alignment: 67108864, commit: 1)
  0:22:13.181  2829M / 11G   INFO   DeBruijnExtensionIndexBu (kmer_extension_index_build: 101)   Building k-mer extensions from k+1-mers
  0:23:37.052  2829M / 11G   INFO   DeBruijnExtensionIndexBu (kmer_extension_index_build: 106)   Building k-mer extensions from k+1-mers finished.
  0:23:37.360  2828M / 11G   INFO    General                 (stage.cpp                 : 121)   PROCEDURE == Condensing graph (id: construction:graph_condensing)
  0:23:38.063  2828M / 11G   INFO   UnbranchingPathExtractor (debruijn_graph_constructor: 324)   Extracting unbranching paths
mimalloc: warning: unable to allocate aligned OS memory directly, fall back to over-allocation (2034237440 bytes, address: 0x153b19fdf000, alignment: 67108864, commit: 1)
  0:25:44.689  7793M / 23G   INFO   UnbranchingPathExtractor (debruijn_graph_constructor: 348)   Extracting unbranching paths finished. 126802619 sequences extracted
mimalloc: warning: unable to allocate aligned OS memory directly, fall back to over-allocation (2034237440 bytes, address: 0x153a9ec00000, alignment: 67108864, commit: 1)
  0:26:49.289  7793M / 25G   INFO   UnbranchingPathExtractor (debruijn_graph_constructor: 362)   Collecting perfect loops
  0:27:22.425  7793M / 25G   INFO   UnbranchingPathExtractor (debruijn_graph_constructor: 395)   Collecting perfect loops finished. 10 loops collected
mimalloc: warning: unable to allocate aligned OS memory directly, fall back to over-allocation (4064280576 bytes, address: 0x153cfdc00000, alignment: 67108864, commit: 1)
mimalloc: warning: unable to allocate aligned OS memory directly, fall back to over-allocation (2034237440 bytes, address: 0x153ea6120000, alignment: 67108864, commit: 1)
  0:27:28.220  7793M / 25G   INFO   DeBruijnGraphConstructor (debruijn_graph_constructor: 593)   Sorting edges...
  0:27:34.329  7793M / 25G   INFO   DeBruijnGraphConstructor (debruijn_graph_constructor: 598)   Edges sorted
  0:27:34.330  7793M / 25G   INFO    General                 (debruijn_graph_constructor: 511)   Total 253605258 edges to create
  0:27:34.349    18G / 25G   INFO    General                 (debruijn_graph_constructor: 514)   Collecting link records
mimalloc: warning: unable to allocate aligned OS memory directly, fall back to over-allocation (4064280576 bytes, address: 0x153a9dc00000, alignment: 67108864, commit: 1)
  0:30:15.084    21G / 25G   INFO    General                 (debruijn_graph_constructor: 519)   Ordering link records
  0:30:20.091    21G / 28G   INFO    General                 (debruijn_graph_constructor: 525)   Sorting done
mimalloc: warning: unable to allocate aligned OS memory directly, fall back to over-allocation (1077936128 bytes, address: 0x153e63c00000, alignment: 67108864, commit: 1)
  0:30:21.718    22G / 28G   INFO    General                 (debruijn_graph_constructor: 538)   Sorting LinkRecords...
  0:30:24.570    22G / 28G   INFO    General                 (debruijn_graph_constructor: 544)   LinkRecords sorted
  0:30:24.570    22G / 28G   INFO    General                 (debruijn_graph_constructor: 546)   Total 92407860 vertices to create
mimalloc: warning: unable to allocate aligned OS memory directly, fall back to over-allocation (8921284608 bytes, address: 0x153888400000, alignment: 67108864, commit: 1)
  0:30:24.575    31G / 31G   INFO    General                 (debruijn_graph_constructor: 549)   Connecting the graph
  0:32:31.465    24G / 33G   INFO    General                 (stage.cpp                 : 121)   PROCEDURE == Filling coverage indices (PHM) (id: construction:coverage_filling_phm)
  0:32:31.466    24G / 33G   INFO   K-mer Index Building     (kmer_index_builder.hpp    : 460)   Building perfect hash indices
  0:33:27.128    25G / 33G   INFO   K-mer Index Building     (kmer_index_builder.hpp    : 496)   Index built. Total 1725502295 kmers, 1246382488 bytes occupied (5.77864 bits per kmer).
mimalloc: warning: unable to allocate aligned OS memory directly, fall back to over-allocation (6908018688 bytes, address: 0x1536ec400000, alignment: 67108864, commit: 1)
  0:33:29.270    32G / 33G   INFO    General                 (coverage_hash_map_builder.:  49)   Collecting k-mer coverage information from reads, this takes a while.
  0:41:17.962    32G / 33G   INFO    General                 (construction.cpp          : 400)   Filling coverage and flanking coverage from PHM
  0:41:29.461    32G / 33G   INFO    General                 (coverage_filling.hpp      :  83)   Processed 16000000 edges
  0:41:37.705    32G / 33G   INFO    General                 (coverage_filling.hpp      :  83)   Processed 32000000 edges
  0:41:46.143    32G / 33G   INFO    General                 (coverage_filling.hpp      :  83)   Processed 48000000 edges
  0:41:54.700    32G / 33G   INFO    General                 (coverage_filling.hpp      :  83)   Processed 64000000 edges
  0:42:03.413    32G / 33G   INFO    General                 (coverage_filling.hpp      :  83)   Processed 80000000 edges
  0:42:11.221    32G / 33G   INFO    General                 (coverage_filling.hpp      :  83)   Processed 95928809 edges
  0:42:17.074    32G / 33G   INFO    General                 (coverage_filling.hpp      :  83)   Processed 111338002 edges
  0:42:22.801    32G / 33G   INFO    General                 (coverage_filling.hpp      :  83)   Processed 126538002 edges
  0:42:28.571    32G / 33G   INFO    General                 (coverage_filling.hpp      :  83)   Processed 141596406 edges
  0:42:33.544    32G / 33G   INFO    General                 (coverage_filling.hpp      :  83)   Processed 156140469 edges
  0:42:38.498    32G / 33G   INFO    General                 (coverage_filling.hpp      :  83)   Processed 170186588 edges
  0:42:43.487    32G / 33G   INFO    General                 (coverage_filling.hpp      :  83)   Processed 183870939 edges
  0:42:48.466    32G / 33G   INFO    General                 (coverage_filling.hpp      :  83)   Processed 197261210 edges
  0:42:53.296    32G / 33G   INFO    General                 (coverage_filling.hpp      :  83)   Processed 209984496 edges
  0:42:57.968    32G / 33G   INFO    General                 (coverage_filling.hpp      :  83)   Processed 221935118 edges
  0:43:01.059    32G / 33G   INFO    General                 (coverage_filling.hpp      :  83)   Processed 232393711 edges
  0:43:04.144    32G / 33G   INFO    General                 (coverage_filling.hpp      :  83)   Processed 240265663 edges
  0:43:07.226    32G / 33G   INFO    General                 (coverage_filling.hpp      :  83)   Processed 245898248 edges
  0:43:25.930    21G / 33G   INFO   StageManager             (stage.cpp                 : 212)   STAGE == EC Threshold Finding (id: ec_threshold_finder)
  0:43:26.105    21G / 33G   INFO    General                 (kmer_coverage_model.cpp   : 182)   Kmer coverage valley at: 2
  0:43:26.138    21G / 33G   INFO    General                 (kmer_coverage_model.cpp   : 202)   K-mer histogram maximum: 15
  0:43:26.144    21G / 33G   INFO    General                 (kmer_coverage_model.cpp   : 238)   Estimated median coverage: 16. Coverage mad: 7.413
  0:43:26.163    21G / 33G   INFO    General                 (kmer_coverage_model.cpp   : 260)   Fitting coverage model
  0:43:26.320    21G / 33G   INFO    General                 (kmer_coverage_model.cpp   : 296)   ... iteration 2
  0:43:26.363    21G / 33G   INFO    General                 (kmer_coverage_model.cpp   : 296)   ... iteration 4
  0:43:26.736    21G / 33G   INFO    General                 (kmer_coverage_model.cpp   : 296)   ... iteration 8
  0:43:27.808    21G / 33G   INFO    General                 (kmer_coverage_model.cpp   : 296)   ... iteration 16
  0:43:29.684    21G / 33G   INFO    General                 (kmer_coverage_model.cpp   : 296)   ... iteration 32
  0:43:30.650    21G / 33G   INFO    General                 (kmer_coverage_model.cpp   : 310)   Fitted mean coverage: 16.2876. Fitted coverage std. dev: 4.87915
  0:43:30.651    21G / 33G   INFO    General                 (kmer_coverage_model.cpp   : 335)   Probability of erroneous kmer at valley: 0.955951
  0:43:30.651    21G / 33G   INFO    General                 (kmer_coverage_model.cpp   : 359)   Preliminary threshold calculated as: 10
  0:43:30.651    21G / 33G   INFO    General                 (kmer_coverage_model.cpp   : 363)   Threshold adjusted to: 9
  0:43:30.651    21G / 33G   INFO    General                 (kmer_coverage_model.cpp   : 376)   Estimated genome size (ignoring repeats): 628551370
  0:43:30.667    21G / 33G   INFO    General                 (genomic_info_filler.cpp   :  56)   Mean coverage was calculated as 16.2876
  0:43:30.676    21G / 33G   INFO    General                 (genomic_info_filler.cpp   :  71)   EC coverage threshold value was calculated as 9
  0:43:30.676    21G / 33G   INFO    General                 (genomic_info_filler.cpp   :  72)   Trusted kmer low bound: 0
  0:43:30.676    21G / 33G   INFO   StageManager             (stage.cpp                 : 212)   STAGE == Gap Closer (id: early_gapcloser)
  0:43:30.912    21G / 33G   INFO    General                 (gap_closer.cpp            : 484)   No paired-end libraries exist, skipping gap closer
  0:43:30.912    21G / 33G   INFO   StageManager             (stage.cpp                 : 212)   STAGE == Raw Simplification (id: raw_simplification)
  0:43:30.969    21G / 33G   INFO    General                 (simplification.cpp        : 129)   PROCEDURE == Initial cleaning
  0:43:31.180    21G / 33G   INFO    General                 (simplification.cpp        :  63)   Most init cleaning disabled on main iteration
  0:43:31.196    21G / 33G   INFO   Simplification           (parallel_processing.hpp   : 168)   Running Self conjugate edge remover
  0:43:35.681    21G / 33G   INFO   Simplification           (parallel_processing.hpp   : 171)   Self conjugate edge remover triggered 0 times
  0:43:35.696    21G / 33G   INFO   StageManager             (stage.cpp                 : 212)   STAGE == Simplification (id: simplification)
  0:43:35.724    21G / 33G   INFO    General                 (simplification.cpp        : 397)   Graph simplification started
  0:43:35.732    21G / 33G   INFO    General                 (graph_simplification.hpp  : 646)   Creating parallel br instance
  0:43:35.733    21G / 33G   INFO    General                 (simplification.cpp        : 402)   PROCEDURE == Simplification cycle, iteration 1
  0:43:35.733    21G / 33G   INFO   Simplification           (parallel_processing.hpp   : 168)   Running Tip clipper
  0:45:45.986    22G / 33G   INFO   Simplification           (parallel_processing.hpp   : 171)   Tip clipper triggered 19263603 times
  0:45:46.102    22G / 33G   INFO   Simplification           (parallel_processing.hpp   : 168)   Running Bulge remover
mimalloc: warning: unable to allocate aligned OS memory directly, fall back to over-allocation (1145044992 bytes, address: 0x153edb120000, alignment: 67108864, commit: 1)
mimalloc: warning: unable to allocate aligned OS memory directly, fall back to over-allocation (1077936128 bytes, address: 0x153e97c00000, alignment: 67108864, commit: 1)
mimalloc: warning: unable to allocate aligned OS memory directly, fall back to over-allocation (2151677952 bytes, address: 0x153e13c00000, alignment: 67108864, commit: 1)
mimalloc: warning: unable to allocate aligned OS memory directly, fall back to over-allocation (1157627904 bytes, address: 0x153e93000000, alignment: 67108864, commit: 1)
mimalloc: warning: unable to allocate aligned OS memory directly, fall back to over-allocation (1149239296 bytes, address: 0x153e4b800000, alignment: 67108864, commit: 1)
mimalloc: warning: unable to allocate aligned OS memory directly, fall back to over-allocation (1174405120 bytes, address: 0x153e92000000, alignment: 67108864, commit: 1)
  1:16:50.908    47G / 52G   INFO   Simplification           (parallel_processing.hpp   : 171)   Bulge remover triggered 12870552 times
  1:16:51.026    47G / 52G   INFO   Simplification           (parallel_processing.hpp   : 168)   Running Low coverage edge remover
  1:17:00.535    48G / 52G   INFO   Simplification           (parallel_processing.hpp   : 171)   Low coverage edge remover triggered 0 times
  1:17:00.596    48G / 52G   INFO    General                 (simplification.cpp        : 402)   PROCEDURE == Simplification cycle, iteration 2
  1:17:00.644    48G / 52G   INFO   Simplification           (parallel_processing.hpp   : 168)   Running Tip clipper
  1:17:22.783    48G / 52G   INFO   Simplification           (parallel_processing.hpp   : 171)   Tip clipper triggered 41025 times
  1:17:22.843    48G / 52G   INFO   Simplification           (parallel_processing.hpp   : 168)   Running Bulge remover
  1:17:24.354    47G / 52G   INFO   Simplification           (parallel_processing.hpp   : 171)   Bulge remover triggered 1648 times
  1:17:24.414    47G / 52G   INFO   Simplification           (parallel_processing.hpp   : 168)   Running Low coverage edge remover
  1:19:37.152    47G / 52G   INFO   Simplification           (parallel_processing.hpp   : 171)   Low coverage edge remover triggered 12046650 times
  1:19:37.323    47G / 52G   INFO    General                 (simplification.cpp        : 402)   PROCEDURE == Simplification cycle, iteration 3
  1:19:37.382    47G / 52G   INFO   Simplification           (parallel_processing.hpp   : 168)   Running Tip clipper
  1:19:46.931    47G / 52G   INFO   Simplification           (parallel_processing.hpp   : 171)   Tip clipper triggered 154420 times
  1:19:47.017    47G / 52G   INFO   Simplification           (parallel_processing.hpp   : 168)   Running Bulge remover
  1:24:04.900    49G / 54G   INFO   Simplification           (parallel_processing.hpp   : 171)   Bulge remover triggered 910674 times
  1:24:04.967    49G / 54G   INFO   Simplification           (parallel_processing.hpp   : 168)   Running Low coverage edge remover
  1:24:15.222    49G / 54G   INFO   Simplification           (parallel_processing.hpp   : 171)   Low coverage edge remover triggered 1022065 times
  1:24:15.293    49G / 54G   INFO    General                 (simplification.cpp        : 402)   PROCEDURE == Simplification cycle, iteration 4
  1:24:15.348    49G / 54G   INFO   Simplification           (parallel_processing.hpp   : 168)   Running Tip clipper
  1:24:20.786    49G / 54G   INFO   Simplification           (parallel_processing.hpp   : 171)   Tip clipper triggered 4240 times
  1:24:20.855    49G / 54G   INFO   Simplification           (parallel_processing.hpp   : 168)   Running Bulge remover
  1:25:05.231    49G / 54G   INFO   Simplification           (parallel_processing.hpp   : 171)   Bulge remover triggered 161913 times
  1:25:05.305    49G / 54G   INFO   Simplification           (parallel_processing.hpp   : 168)   Running Low coverage edge remover
  1:25:08.576    49G / 54G   INFO   Simplification           (parallel_processing.hpp   : 171)   Low coverage edge remover triggered 341394 times
  1:25:08.654    49G / 54G   INFO    General                 (simplification.cpp        : 402)   PROCEDURE == Simplification cycle, iteration 5
  1:25:08.720    49G / 54G   INFO   Simplification           (parallel_processing.hpp   : 168)   Running Tip clipper
  1:25:10.189    49G / 54G   INFO   Simplification           (parallel_processing.hpp   : 171)   Tip clipper triggered 1134 times
  1:25:10.260    49G / 54G   INFO   Simplification           (parallel_processing.hpp   : 168)   Running Bulge remover
  1:25:24.796    49G / 54G   INFO   Simplification           (parallel_processing.hpp   : 171)   Bulge remover triggered 53854 times
  1:25:24.863    49G / 54G   INFO   Simplification           (parallel_processing.hpp   : 168)   Running Low coverage edge remover
  1:25:26.546    49G / 54G   INFO   Simplification           (parallel_processing.hpp   : 171)   Low coverage edge remover triggered 174047 times
  1:25:26.623    49G / 54G   INFO    General                 (simplification.cpp        : 402)   PROCEDURE == Simplification cycle, iteration 6
  1:25:26.679    49G / 54G   INFO   Simplification           (parallel_processing.hpp   : 168)   Running Tip clipper
  1:25:27.371    49G / 54G   INFO   Simplification           (parallel_processing.hpp   : 171)   Tip clipper triggered 484 times
  1:25:27.438    49G / 54G   INFO   Simplification           (parallel_processing.hpp   : 168)   Running Bulge remover
  1:25:35.596    49G / 54G   INFO   Simplification           (parallel_processing.hpp   : 171)   Bulge remover triggered 26690 times
  1:25:35.665    49G / 54G   INFO   Simplification           (parallel_processing.hpp   : 168)   Running Low coverage edge remover
  1:25:36.675    49G / 54G   INFO   Simplification           (parallel_processing.hpp   : 171)   Low coverage edge remover triggered 103682 times
  1:25:36.747    49G / 54G   INFO    General                 (simplification.cpp        : 402)   PROCEDURE == Simplification cycle, iteration 7
  1:25:36.804    49G / 54G   INFO   Simplification           (parallel_processing.hpp   : 168)   Running Tip clipper
  1:25:37.241    49G / 54G   INFO   Simplification           (parallel_processing.hpp   : 171)   Tip clipper triggered 268 times
  1:25:37.308    49G / 54G   INFO   Simplification           (parallel_processing.hpp   : 168)   Running Bulge remover
  1:25:42.043    49G / 54G   INFO   Simplification           (parallel_processing.hpp   : 171)   Bulge remover triggered 15251 times
  1:25:42.116    49G / 54G   INFO   Simplification           (parallel_processing.hpp   : 168)   Running Low coverage edge remover
  1:25:42.945    49G / 54G   INFO   Simplification           (parallel_processing.hpp   : 171)   Low coverage edge remover triggered 82000 times
  1:25:43.016    49G / 54G   INFO    General                 (simplification.cpp        : 402)   PROCEDURE == Simplification cycle, iteration 8
  1:25:43.073    49G / 54G   INFO   Simplification           (parallel_processing.hpp   : 168)   Running Tip clipper
  1:25:43.392    49G / 54G   INFO   Simplification           (parallel_processing.hpp   : 171)   Tip clipper triggered 181 times
  1:25:43.459    49G / 54G   INFO   Simplification           (parallel_processing.hpp   : 168)   Running Bulge remover
  1:25:47.174    49G / 54G   INFO   Simplification           (parallel_processing.hpp   : 171)   Bulge remover triggered 11400 times
  1:25:47.246    49G / 54G   INFO   Simplification           (parallel_processing.hpp   : 168)   Running Low coverage edge remover
  1:25:48.099    49G / 54G   INFO   Simplification           (parallel_processing.hpp   : 171)   Low coverage edge remover triggered 78876 times
  1:25:48.169    49G / 54G   INFO    General                 (simplification.cpp        : 402)   PROCEDURE == Simplification cycle, iteration 9
  1:25:48.226    49G / 54G   INFO   Simplification           (parallel_processing.hpp   : 168)   Running Tip clipper
  1:25:48.534    49G / 54G   INFO   Simplification           (parallel_processing.hpp   : 171)   Tip clipper triggered 133 times
  1:25:48.601    49G / 54G   INFO   Simplification           (parallel_processing.hpp   : 168)   Running Bulge remover
  1:25:51.898    49G / 54G   INFO   Simplification           (parallel_processing.hpp   : 171)   Bulge remover triggered 9509 times
  1:25:51.970    49G / 54G   INFO   Simplification           (parallel_processing.hpp   : 168)   Running Low coverage edge remover
  1:25:52.998    49G / 54G   INFO   Simplification           (parallel_processing.hpp   : 171)   Low coverage edge remover triggered 88966 times
  1:25:53.070    49G / 54G   INFO    General                 (simplification.cpp        : 402)   PROCEDURE == Simplification cycle, iteration 10
  1:25:53.129    49G / 54G   INFO   Simplification           (parallel_processing.hpp   : 168)   Running Tip clipper
  1:25:53.411    49G / 54G   INFO   Simplification           (parallel_processing.hpp   : 171)   Tip clipper triggered 110 times
  1:25:53.479    49G / 54G   INFO   Simplification           (parallel_processing.hpp   : 168)   Running Bulge remover
  1:25:56.823    49G / 54G   INFO   Simplification           (parallel_processing.hpp   : 171)   Bulge remover triggered 9629 times
  1:25:56.895    49G / 54G   INFO   Simplification           (parallel_processing.hpp   : 168)   Running Low coverage edge remover
  1:25:58.318    49G / 54G   INFO   Simplification           (parallel_processing.hpp   : 171)   Low coverage edge remover triggered 118014 times
  1:25:58.390    49G / 54G   INFO    General                 (simplification.cpp        : 402)   PROCEDURE == Simplification cycle, iteration 11
  1:25:58.448    49G / 54G   INFO   Simplification           (parallel_processing.hpp   : 168)   Running Tip clipper
  1:26:00.150    49G / 54G   INFO   Simplification           (parallel_processing.hpp   : 171)   Tip clipper triggered 1478 times
  1:26:00.225    49G / 54G   INFO   Simplification           (parallel_processing.hpp   : 168)   Running Bulge remover
  1:26:51.631    49G / 54G   INFO   Simplification           (parallel_processing.hpp   : 171)   Bulge remover triggered 61509 times
  1:26:51.699    49G / 54G   INFO   Simplification           (parallel_processing.hpp   : 168)   Running Low coverage edge remover
  1:26:53.348    49G / 54G   INFO   Simplification           (parallel_processing.hpp   : 171)   Low coverage edge remover triggered 7 times
  1:26:53.417    49G / 54G   INFO    General                 (simplification.cpp        : 402)   PROCEDURE == Simplification cycle, iteration 12
  1:26:53.475    49G / 54G   INFO   Simplification           (parallel_processing.hpp   : 168)   Running Tip clipper
  1:26:54.141    49G / 54G   INFO   Simplification           (parallel_processing.hpp   : 171)   Tip clipper triggered 1 times
  1:26:54.209    49G / 54G   INFO   Simplification           (parallel_processing.hpp   : 168)   Running Bulge remover
  1:26:54.267    49G / 54G   INFO   Simplification           (parallel_processing.hpp   : 171)   Bulge remover triggered 0 times
  1:26:54.323    49G / 54G   INFO   Simplification           (parallel_processing.hpp   : 168)   Running Low coverage edge remover
  1:26:54.380    49G / 54G   INFO   Simplification           (parallel_processing.hpp   : 171)   Low coverage edge remover triggered 0 times
  1:26:54.445    49G / 54G   INFO    General                 (simplification.cpp        : 402)   PROCEDURE == Simplification cycle, iteration 13
  1:26:54.504    49G / 54G   INFO   Simplification           (parallel_processing.hpp   : 168)   Running Tip clipper
  1:26:54.560    49G / 54G   INFO   Simplification           (parallel_processing.hpp   : 171)   Tip clipper triggered 0 times
  1:26:54.616    49G / 54G   INFO   Simplification           (parallel_processing.hpp   : 168)   Running Bulge remover
  1:26:54.673    49G / 54G   INFO   Simplification           (parallel_processing.hpp   : 171)   Bulge remover triggered 0 times
  1:26:54.737    49G / 54G   INFO   Simplification           (parallel_processing.hpp   : 168)   Running Low coverage edge remover
  1:26:54.805    49G / 54G   INFO   Simplification           (parallel_processing.hpp   : 171)   Low coverage edge remover triggered 0 times
  1:26:56.457    47G / 54G   INFO   StageManager             (stage.cpp                 : 212)   STAGE == Gap Closer (id: late_gapcloser)
  1:26:56.525    47G / 54G   INFO    General                 (gap_closer.cpp            : 484)   No paired-end libraries exist, skipping gap closer
  1:26:56.583    47G / 54G   INFO   StageManager             (stage.cpp                 : 212)   STAGE == Simplification Cleanup (id: simplification_cleanup)
  1:26:56.663    47G / 54G   INFO    General                 (simplification.cpp        : 189)   PROCEDURE == Post simplification
  1:26:56.734    47G / 54G   INFO    General                 (graph_simplification.hpp  : 455)   Disconnection of relatively low covered edges disabled
  1:26:56.790    47G / 54G   INFO    General                 (graph_simplification.hpp  : 494)   Complex tip clipping disabled
  1:26:56.847    47G / 54G   INFO    General                 (graph_simplification.hpp  : 646)   Creating parallel br instance
  1:26:56.942    47G / 54G   INFO   Simplification           (parallel_processing.hpp   : 168)   Running Tip clipper
  1:26:58.542    47G / 54G   INFO   Simplification           (parallel_processing.hpp   : 171)   Tip clipper triggered 0 times
  1:26:58.611    47G / 54G   INFO   Simplification           (parallel_processing.hpp   : 168)   Running Bulge remover
  1:27:29.792    47G / 54G   INFO   Simplification           (parallel_processing.hpp   : 171)   Bulge remover triggered 2719 times
  1:27:29.862    47G / 54G   INFO   Simplification           (parallel_processing.hpp   : 168)   Running Tip clipper
  1:27:31.474    47G / 54G   INFO   Simplification           (parallel_processing.hpp   : 171)   Tip clipper triggered 0 times
  1:27:31.543    47G / 54G   INFO   Simplification           (parallel_processing.hpp   : 168)   Running Bulge remover
  1:28:00.521    47G / 54G   INFO   Simplification           (parallel_processing.hpp   : 171)   Bulge remover triggered 184 times
  1:28:00.591    47G / 54G   INFO   Simplification           (parallel_processing.hpp   : 168)   Running Tip clipper
  1:28:00.651    47G / 54G   INFO   Simplification           (parallel_processing.hpp   : 171)   Tip clipper triggered 0 times
  1:28:00.708    47G / 54G   INFO   Simplification           (parallel_processing.hpp   : 168)   Running Bulge remover
  1:28:00.765    47G / 54G   INFO   Simplification           (parallel_processing.hpp   : 171)   Bulge remover triggered 0 times
  1:28:00.822    47G / 54G   INFO    General                 (simplification.cpp        : 348)   Disrupting self-conjugate edges
  1:28:17.846    47G / 54G   INFO   Simplification           (parallel_processing.hpp   : 168)   Running Removing isolated edges
  1:28:19.904    47G / 54G   INFO   Simplification           (parallel_processing.hpp   : 171)   Removing isolated edges triggered 453922 times
  1:28:21.837    47G / 54G   INFO    General                 (simplification.cpp        : 508)   After simplification:
  1:28:21.917    47G / 54G   INFO    General                 (simplification.cpp        : 509)     Average coverage = 31.886
  1:28:23.714    47G / 54G   INFO    General                 (simplification.cpp        : 510)     Total length = 599436199
  1:28:27.353    47G / 54G   INFO    General                 (simplification.cpp        : 511)     Median edge length: 182
  1:28:27.421    47G / 54G   INFO    General                 (simplification.cpp        : 512)     Edges: 35072443
  1:28:27.480    47G / 54G   INFO    General                 (simplification.cpp        : 513)     Vertices: 21758438
  1:28:27.538    47G / 54G   INFO   StageManager             (stage.cpp                 : 212)   STAGE == Mismatch Correction (id: mismatch_correction)
  1:28:27.656    47G / 54G   INFO    General                 (graph_pack_helpers.cpp    :  44)   Index refill
  1:28:27.740    47G / 54G   INFO    General                 (edge_index.hpp            : 175)   Using small index (max_id = 254873287)
  1:28:35.282    47G / 54G   INFO   K-mer Index Building     (kmer_index_builder.hpp    : 460)   Building perfect hash indices
  1:29:45.417    47G / 54G   INFO   K-mer Index Building     (kmer_index_builder.hpp    : 496)   Index built. Total 599416064 kmers, 432937544 bytes occupied (5.77812 bits per kmer).
mimalloc: warning: unable to allocate aligned OS memory directly, fall back to over-allocation (4802478080 bytes, address: 0x153e01120000, alignment: 67108864, commit: 1)
  1:29:47.461    51G / 57G   INFO    General                 (edge_index_builders.hpp   : 253)   Collecting edge information from graph, this takes a while.
  1:30:04.821    51G / 57G   INFO    General                 (graph_pack_helpers.cpp    :  54)   Normalizing k-mer map. Total 924637048 kmers to process
  1:36:33.333    52G / 57G   INFO    General                 (kmer_mapper.hpp           :  87)   Total 63694088 kmers with non-trivial roots
  1:36:38.079    51G / 57G   INFO    General                 (graph_pack_helpers.cpp    :  56)   Normalizing done
  1:36:38.202    51G / 57G   INFO    General                 (mismatch_correction.cpp   : 421)   Collect potential mismatches
  1:40:29.137    55G / 64G   INFO    General                 (mismatch_correction.cpp   : 213)   Total 22847581 edges (out of 35072443) with 133102436 potential mismatch positions (5.82567 positions per edge)
  1:40:29.774    53G / 64G   INFO    General                 (mismatch_correction.cpp   : 423)   Potential mismatches collected
  1:40:30.733    53G / 64G   INFO    General                 (sequence_mapper_notifier.h:  80)   Starting sequence mapping
  1:40:37.311    53G / 64G   INFO    General                 (sequence_mapper_notifier.h: 101)   Processed 200000 reads
  1:40:37.367    53G / 64G   INFO    General                 (sequence_mapper_notifier.h: 101)   Processed 400000 reads
  1:40:38.512    53G / 64G   INFO    General                 (sequence_mapper_notifier.h: 101)   Processed 600000 reads
  1:40:38.540    53G / 64G   INFO    General                 (sequence_mapper_notifier.h: 101)   Processed 800000 reads
  1:40:38.572    53G / 64G   INFO    General                 (sequence_mapper_notifier.h: 101)   Processed 1000000 reads
  1:40:38.601    53G / 64G   INFO    General                 (sequence_mapper_notifier.h: 101)   Processed 1200000 reads
  1:40:38.762    53G / 64G   INFO    General                 (sequence_mapper_notifier.h: 101)   Processed 2200000 reads
  1:40:44.692    53G / 64G   INFO    General                 (sequence_mapper_notifier.h: 101)   Processed 4200000 reads
  1:40:51.304    53G / 64G   INFO    General                 (sequence_mapper_notifier.h: 101)   Processed 8400000 reads
  1:41:09.707    53G / 64G   INFO    General                 (sequence_mapper_notifier.h: 101)   Processed 16800000 reads
  1:41:42.255    54G / 64G   INFO    General                 (sequence_mapper_notifier.h: 101)   Processed 33600000 reads
  1:42:51.483    54G / 64G   INFO    General                 (sequence_mapper_notifier.h: 101)   Processed 67200000 reads
  1:45:26.160    54G / 65G   INFO    General                 (sequence_mapper_notifier.h: 101)   Processed 134400000 reads
  1:52:55.435    55G / 70G   INFO    General                 (sequence_mapper_notifier.h: 101)   Processed 268600000 reads
  1:59:06.001    68G / 72G   INFO    General                 (sequence_mapper_notifier.h: 120)   Total 349105362 reads processed
  1:59:22.509    55G / 72G   INFO    General                 (mismatch_correction.cpp   : 416)   All edges processed
  1:59:25.438    51G / 72G   INFO    General                 (mismatch_correction.cpp   : 471)   Corrected 2782 nucleotides
  1:59:25.549    51G / 72G   INFO   StageManager             (stage.cpp                 : 212)   STAGE == Contig Output (id: contig_output)
  1:59:25.724    51G / 72G   INFO    General                 (contig_output.hpp         :  20)   Outputting contigs to "/project/def-meskanda/yhezema/MAGIC/Assembly/assemblies/07-78/unicycler_se/spades_assembly/K27/before_rr.fasta"
  2:00:50.776    51G / 72G   INFO    General                 (contig_output_stage.cpp   : 159)   Writing GFA graph to "/project/def-meskanda/yhezema/MAGIC/Assembly/assemblies/07-78/unicycler_se/spades_assembly/K27/assembly_graph_after_simplification.gfa"
  2:01:52.544    51G / 72G   INFO   StageManager             (stage.cpp                 : 212)   STAGE == Paired Information Counting (id: late_pair_info_count)
  2:02:16.417    58G / 72G   INFO    General                 (graph_pack_helpers.cpp    :  54)   Normalizing k-mer map. Total 924711260 kmers to process
  2:08:38.406    58G / 72G   INFO    General                 (kmer_mapper.hpp           :  87)   Total 513622 kmers with non-trivial roots
  2:08:38.518    58G / 72G   INFO    General                 (graph_pack_helpers.cpp    :  56)   Normalizing done
  2:08:43.899    58G / 72G   INFO    General                 (pair_info_count.cpp       : 165)   Min edge length for estimation: 182
  2:08:43.997    58G / 72G   INFO    General                 (pair_info_count.cpp       : 235)   Mapping single reads of library #0
  2:08:44.107    58G / 72G   INFO    General                 (pair_info_count.cpp       :  41)   Selecting usual mapper
  2:08:44.371    58G / 72G   INFO    General                 (sequence_mapper_notifier.h:  80)   Starting sequence mapping
  2:09:00.741    58G / 72G   INFO    General                 (sequence_mapper_notifier.h: 101)   Processed 200000 reads
  2:09:00.930    58G / 72G   INFO    General                 (sequence_mapper_notifier.h: 101)   Processed 400000 reads
  2:09:01.135    58G / 72G   INFO    General                 (sequence_mapper_notifier.h: 101)   Processed 600000 reads
  2:09:01.355    58G / 72G   INFO    General                 (sequence_mapper_notifier.h: 101)   Processed 800000 reads
  2:09:01.581    58G / 72G   INFO    General                 (sequence_mapper_notifier.h: 101)   Processed 1000000 reads
  2:09:01.811    58G / 72G   INFO    General                 (sequence_mapper_notifier.h: 101)   Processed 1200000 reads
  2:09:04.371    59G / 72G   INFO    General                 (sequence_mapper_notifier.h: 101)   Processed 2200000 reads
  2:09:18.917    59G / 72G   INFO    General                 (sequence_mapper_notifier.h: 101)   Processed 4200000 reads
  2:09:39.103    59G / 72G   INFO    General                 (sequence_mapper_notifier.h: 101)   Processed 8400000 reads
  2:10:28.555    59G / 72G   INFO    General                 (sequence_mapper_notifier.h: 101)   Processed 16800000 reads
  2:12:01.148    60G / 72G   INFO    General                 (sequence_mapper_notifier.h: 101)   Processed 33600000 reads
  2:15:09.050    60G / 77G   INFO    General                 (sequence_mapper_notifier.h: 101)   Processed 67200000 reads
  2:21:47.375    62G / 88G   INFO    General                 (sequence_mapper_notifier.h: 101)   Processed 134400000 reads
  2:27:51.437    91G / 95G   INFO    General                 (sequence_mapper_notifier.h: 120)   Total 174552681 reads processed
  2:27:51.528    91G / 95G   INFO    General                 (pair_info_count.cpp       : 237)   Total paths obtained from single reads: 76209656
  2:27:51.613    91G / 95G   INFO   StageManager             (stage.cpp                 : 212)   STAGE == Distance Estimation (id: distance_estimation)
  2:27:51.724    91G / 95G   INFO   StageManager             (stage.cpp                 : 212)   STAGE == Repeat Resolving (id: repeat_resolving)
  2:27:51.824    91G / 95G   INFO    General                 (repeat_resolving.cpp      :  88)   Using Path-Extend repeat resolving
  2:27:51.943    91G / 95G   INFO    General                 (launcher.cpp              : 632)   ExSPAnder repeat resolving tool started
  2:28:32.800   100G / 102G  INFO    General                 (launcher.cpp              : 440)   Creating main extenders, unique edge length = 2000
  2:28:32.956   102G / 102G  INFO    General                 (launcher.cpp              : 358)   filling path container
mimalloc: warning: unable to allocate aligned OS memory directly, fall back to over-allocation (1077936128 bytes, address: 0x153b4fc00000, alignment: 67108864, commit: 1)


== Error ==  system call for: "['/home/yhezema/.local/share/mamba/envs/unicycler_env/bin/spades-core', '/project/def-meskanda/yhezema/MAGIC/Assembly/assemblies/07-78/unicycler_se/spades_assembly/K27/configs/config.info', '/project/def-meskanda/yhezema/MAGIC/Assembly/assemblies/07-78/unicycler_se/spades_assembly/K27/configs/isolate_mode.info']" finished abnormally, OS return value: -9
None

In case you have troubles running SPAdes, you can report an issue on our GitHub repository github.com/ablab/spades
Please provide us with params.txt and spades.log files from the output directory.

SPAdes log can be found here: /project/def-meskanda/yhezema/MAGIC/Assembly/assemblies/07-78/unicycler_se/spades_assembly/spades.log

Thank you for using SPAdes! If you use it in your research, please cite:

  Prjibelski, A., Antipov, D., Meleshko, D., Lapidus, A. and Korobeynikov, A., 2020. Using SPAdes de novo assembler. Current protocols in bioinformatics, 70(1), p.e102.
  doi.org/10.1002/cpbi.102

