Command line: /home/yhezema/.local/share/mamba/envs/unicycler_env/bin/spades.py	-o	/project/def-meskanda/yhezema/MAGIC/Assembly/assemblies/RG11/unicycler/spades_assembly	-k	27	--threads	16	--gfa11	--isolate	-1	/project/def-meskanda/yhezema/MAGIC/Assembly/trimmed/RG11/RG11_R1_trimmed_pe.fastq.gz	-2	/project/def-meskanda/yhezema/MAGIC/Assembly/trimmed/RG11/RG11_R2_trimmed_pe.fastq.gz	-s	/project/def-meskanda/yhezema/MAGIC/Assembly/trimmed/RG11/RG11_R2_trimmed_se.fastq.gz	-m	1024	

System information:
  SPAdes version: 4.2.0
  Python version: 3.12.11
  OS: Linux-5.14.0-362.24.2.el9_3.x86_64-x86_64-Intel-R-_Xeon-R-_CPU_E5-2683_v4_@_2.10GHz-with-glibc2.34

Output dir: /project/def-meskanda/yhezema/MAGIC/Assembly/assemblies/RG11/unicycler/spades_assembly
Mode: ONLY assembling (without read error correction)
Debug mode is turned OFF

Dataset parameters:
  Isolate mode
  Reads:
    Library number: 1, library type: paired-end
      orientation: fr
      left reads: ['/project/def-meskanda/yhezema/MAGIC/Assembly/trimmed/RG11/RG11_R1_trimmed_pe.fastq.gz']
      right reads: ['/project/def-meskanda/yhezema/MAGIC/Assembly/trimmed/RG11/RG11_R2_trimmed_pe.fastq.gz']
      interlaced reads: not specified
      single reads: ['/project/def-meskanda/yhezema/MAGIC/Assembly/trimmed/RG11/RG11_R2_trimmed_se.fastq.gz']
      merged reads: not specified
Assembly parameters:
  k: [27]
  Repeat resolution is enabled
  Mismatch careful mode is turned OFF
  MismatchCorrector will be SKIPPED
  Coverage cutoff is turned OFF
  Assembly graph output will use GFA v1.1 format
Other parameters:
  Dir for temp files: /project/def-meskanda/yhezema/MAGIC/Assembly/assemblies/RG11/unicycler/spades_assembly/tmp
  Threads: 16
  Memory limit (in Gb): 1024


======= SPAdes pipeline started. Log can be found here: /project/def-meskanda/yhezema/MAGIC/Assembly/assemblies/RG11/unicycler/spades_assembly/spades.log

/project/def-meskanda/yhezema/MAGIC/Assembly/trimmed/RG11/RG11_R1_trimmed_pe.fastq.gz: max reads length: 151
/project/def-meskanda/yhezema/MAGIC/Assembly/trimmed/RG11/RG11_R2_trimmed_pe.fastq.gz: max reads length: 151
/project/def-meskanda/yhezema/MAGIC/Assembly/trimmed/RG11/RG11_R2_trimmed_se.fastq.gz: max reads length: 151

Reads length: 151


===== Before start started. 


===== Assembling started. 


===== K27 started. 


== Running: /home/yhezema/.local/share/mamba/envs/unicycler_env/bin/spades-core /project/def-meskanda/yhezema/MAGIC/Assembly/assemblies/RG11/unicycler/spades_assembly/K27/configs/config.info /project/def-meskanda/yhezema/MAGIC/Assembly/assemblies/RG11/unicycler/spades_assembly/K27/configs/isolate_mode.info

  0:00:00.000     1M / 26M   INFO    General                 (main.cpp                  :  94)   Loaded config from "/project/def-meskanda/yhezema/MAGIC/Assembly/assemblies/RG11/unicycler/spades_assembly/K27/configs/config.info"
  0:00:00.008     1M / 26M   INFO    General                 (main.cpp                  :  94)   Loaded config from "/project/def-meskanda/yhezema/MAGIC/Assembly/assemblies/RG11/unicycler/spades_assembly/K27/configs/isolate_mode.info"
  0:00:00.011     1M / 26M   INFO    General                 (memory_limit.cpp          :  55)   Memory limit set to 1024 Gb
  0:00:00.015     1M / 26M   INFO    General                 (main.cpp                  : 102)   Starting SPAdes, built from N/A, git revision N/A
  0:00:00.018     1M / 26M   INFO    General                 (main.cpp                  : 103)   Maximum k-mer length: 128
  0:00:00.023     1M / 26M   INFO    General                 (main.cpp                  : 104)   Assembling dataset ("/project/def-meskanda/yhezema/MAGIC/Assembly/assemblies/RG11/unicycler/spades_assembly/dataset.info") with K=27
  0:00:00.025     1M / 26M   INFO    General                 (main.cpp                  : 105)   Maximum # of threads to use (adjusted due to OMP capabilities): 16
  0:00:00.029     1M / 26M   INFO    General                 (pipeline.cpp              : 221)   SPAdes started
  0:00:00.032     1M / 26M   INFO    General                 (pipeline.cpp              : 234)   Starting from stage: read_conversion
  0:00:00.036     1M / 26M   INFO    General                 (pipeline.cpp              : 245)   Two-step repeat resolution disabled
  0:00:00.040     1M / 26M   INFO   GraphCore                (graph_core.hpp            : 689)   Graph created, vertex min_id: 3, edge min_id: 3
  0:00:00.043     1M / 26M   INFO   GraphCore                (graph_core.hpp            : 690)   Vertex size: 48, edge size: 40
  0:00:00.047     1M / 26M   INFO    General                 (edge_index.hpp            : 132)   Size of edge index entries: 12/8
  0:00:00.050     1M / 26M   INFO    General                 (pipeline.cpp              : 256)   Will need read mapping, kmer mapper will be attached
  0:00:00.054     1M / 26M   INFO   StageManager             (stage.cpp                 : 212)   STAGE == Binary Read Conversion (id: read_conversion)
  0:00:00.076     1M / 26M   INFO    General                 (read_converter.cpp        :  78)   Converting reads to binary format for library #0 (takes a while)
  0:00:00.078     1M / 26M   INFO    General                 (read_converter.cpp        :  99)   Converting paired reads
  0:00:00.586    81M / 128M  INFO    General                 (binary_converter.cpp      : 127)   16384 reads processed
  0:00:00.599    81M / 131M  INFO    General                 (binary_converter.cpp      : 127)   32768 reads processed
  0:00:00.619    81M / 133M  INFO    General                 (binary_converter.cpp      : 127)   65536 reads processed
  0:00:01.076    81M / 185M  INFO    General                 (binary_converter.cpp      : 127)   131072 reads processed
  0:00:01.562    51M / 216M  INFO    General                 (binary_converter.cpp      : 127)   262144 reads processed
  0:00:02.488     0M / 274M  INFO    General                 (binary_converter.cpp      : 127)   524288 reads processed
  0:00:04.246     0M / 360M  INFO    General                 (binary_converter.cpp      : 127)   1048576 reads processed
  0:00:07.786     0M / 440M  INFO    General                 (binary_converter.cpp      : 127)   2097152 reads processed
  0:00:14.868     0M / 457M  INFO    General                 (binary_converter.cpp      : 127)   4194304 reads processed
  0:00:29.504     0M / 621M  INFO    General                 (binary_converter.cpp      : 127)   8388608 reads processed
  0:00:59.478     0M / 711M  INFO    General                 (binary_converter.cpp      : 127)   16777216 reads processed
  0:01:58.292     0M / 731M  INFO    General                 (binary_converter.cpp      : 127)   33554432 reads processed
  0:03:55.144     0M / 836M  INFO    General                 (binary_converter.cpp      : 127)   67108864 reads processed
  0:07:48.509     0M / 871M  INFO    General                 (binary_converter.cpp      : 127)   134217728 reads processed
  0:08:01.163     0M / 871M  INFO    General                 (binary_converter.cpp      : 143)   137995273 reads written
  0:08:01.179     0M / 871M  INFO    General                 (read_converter.cpp        : 113)   Converting single reads
  0:08:01.541     0M / 871M  INFO    General                 (binary_converter.cpp      : 127)   16384 reads processed
  0:08:01.549     0M / 871M  INFO    General                 (binary_converter.cpp      : 127)   32768 reads processed
  0:08:01.558     0M / 871M  INFO    General                 (binary_converter.cpp      : 127)   65536 reads processed
  0:08:01.780     0M / 871M  INFO    General                 (binary_converter.cpp      : 127)   131072 reads processed
  0:08:02.079     0M / 871M  INFO    General                 (binary_converter.cpp      : 127)   262144 reads processed
  0:08:02.741     0M / 871M  INFO    General                 (binary_converter.cpp      : 127)   524288 reads processed
  0:08:04.019     0M / 871M  INFO    General                 (binary_converter.cpp      : 127)   1048576 reads processed
  0:08:05.666     0M / 871M  INFO    General                 (binary_converter.cpp      : 143)   1695017 reads written
  0:08:05.673     0M / 871M  INFO    General                 (read_converter.cpp        : 119)   Converting merged reads
  0:08:05.691     0M / 871M  INFO    General                 (binary_converter.cpp      : 143)   0 reads written
  0:08:05.767     1M / 871M  INFO   StageManager             (stage.cpp                 : 212)   STAGE == de Bruijn graph construction (id: construction)
  0:08:06.031     1M / 871M  INFO    General                 (construction.cpp          : 150)   Max read length 151
  0:08:06.031     1M / 871M  INFO    General                 (construction.cpp          : 156)   Average read length 148.008
  0:08:06.031     1M / 871M  INFO    General                 (stage.cpp                 : 121)   PROCEDURE == k+1-mer counting (id: construction:kpomer_counting)
  0:08:06.031     1M / 871M  INFO    General                 (kmer_index_builder.hpp    : 308)   Splitting kmer instances into 160 files using 16 threads. This might take a while.
  0:08:07.807     1M / 871M  INFO    General                 (file_limit.hpp            :  43)   Open file limit set to 51200
  0:08:07.808     1M / 871M  INFO    General                 (kmer_splitter.hpp         :  96)   Memory available for splitting buffers: 21.3333 Gb
  0:08:07.808     1M / 871M  INFO    General                 (kmer_splitter.hpp         : 104)   Using cell size of 419430
  0:08:15.538  9601M / 9601M INFO    General                 (kmer_splitters.hpp        : 128)   Processed 5646641 reads
  0:08:25.608  9601M / 12G   INFO    General                 (kmer_splitters.hpp        : 128)   Processed 22769590 reads
  0:08:35.282  9601M / 12G   INFO    General                 (kmer_splitters.hpp        : 128)   Processed 39794630 reads
  0:08:44.792  9601M / 12G   INFO    General                 (kmer_splitters.hpp        : 128)   Processed 56897075 reads
  0:08:55.755  9601M / 12G   INFO    General                 (kmer_splitters.hpp        : 128)   Processed 74082713 reads
  0:09:06.662  9601M / 12G   INFO    General                 (kmer_splitters.hpp        : 128)   Processed 91346357 reads
  0:09:16.369  9601M / 12G   INFO    General                 (kmer_splitters.hpp        : 128)   Processed 108613578 reads
  0:09:26.430  9601M / 12G   INFO    General                 (kmer_splitters.hpp        : 128)   Processed 125845720 reads
  0:09:36.470  9601M / 12G   INFO    General                 (kmer_splitters.hpp        : 128)   Processed 143076801 reads
  0:09:46.052  9601M / 12G   INFO    General                 (kmer_splitters.hpp        : 128)   Processed 160261814 reads
  0:09:55.650  9601M / 12G   INFO    General                 (kmer_splitters.hpp        : 128)   Processed 177388226 reads
  0:10:05.156  9601M / 12G   INFO    General                 (kmer_splitters.hpp        : 128)   Processed 194441238 reads
  0:10:14.692  9601M / 12G   INFO    General                 (kmer_splitters.hpp        : 128)   Processed 211541811 reads
  0:10:53.909  9601M / 12G   INFO    General                 (kmer_splitters.hpp        : 128)   Processed 280297365 reads
  0:13:22.646  9601M / 12G   INFO    General                 (kmer_splitters.hpp        : 128)   Processed 538189908 reads
  0:13:35.934     1M / 12G   INFO    General                 (kmer_splitters.hpp        : 134)   Used 555371126 reads
  0:13:35.946     1M / 12G   INFO    General                 (kmer_index_builder.hpp    : 314)   Starting k-mer counting.
  0:14:39.299     1M / 12G   INFO    General                 (kmer_index_builder.hpp    : 325)   K-mer counting done. There are 2138793639 kmers in total.
  0:14:39.303     1M / 12G   INFO    General                 (stage.cpp                 : 121)   PROCEDURE == Extension index construction (id: construction:extension_index_construction)
  0:14:39.777     2M / 12G   INFO   K-mer Index Building     (kmer_index_builder.hpp    : 503)   Building kmer index
  0:14:39.779     2M / 12G   INFO    General                 (kmer_index_builder.hpp    : 308)   Splitting kmer instances into 160 files using 16 threads. This might take a while.
  0:14:41.271     2M / 12G   INFO    General                 (file_limit.hpp            :  43)   Open file limit set to 51200
  0:14:41.276     2M / 12G   INFO    General                 (kmer_splitter.hpp         :  96)   Memory available for splitting buffers: 21.3333 Gb
  0:14:41.279     2M / 12G   INFO    General                 (kmer_splitter.hpp         : 104)   Using cell size of 419430
  0:14:45.354  9602M / 12G   INFO    General                 (kmer_splitters.hpp        : 197)   Processed 6762943 kmers
  0:14:47.153  9602M / 12G   INFO    General                 (kmer_splitters.hpp        : 197)   Processed 13652496 kmers
  0:14:48.588  9602M / 12G   INFO    General                 (kmer_splitters.hpp        : 197)   Processed 20772944 kmers
  0:14:50.496  9602M / 12G   INFO    General                 (kmer_splitters.hpp        : 197)   Processed 28119030 kmers
  0:14:53.565  9602M / 12G   INFO    General                 (kmer_splitters.hpp        : 197)   Processed 35813032 kmers
  0:14:56.154  9602M / 12G   INFO    General                 (kmer_splitters.hpp        : 197)   Processed 43898348 kmers
  0:15:00.582  9602M / 12G   INFO    General                 (kmer_splitters.hpp        : 197)   Processed 52536811 kmers
  0:15:03.969  9602M / 12G   INFO    General                 (kmer_splitters.hpp        : 197)   Processed 61771973 kmers
  0:15:06.738  9602M / 12G   INFO    General                 (kmer_splitters.hpp        : 197)   Processed 71943200 kmers
  0:15:09.620  9602M / 12G   INFO    General                 (kmer_splitters.hpp        : 197)   Processed 83953335 kmers
  0:15:12.334  9602M / 12G   INFO    General                 (kmer_splitters.hpp        : 197)   Processed 99096768 kmers
  0:15:17.654  9602M / 12G   INFO    General                 (kmer_splitters.hpp        : 197)   Processed 219257155 kmers
  0:15:19.468  9602M / 12G   INFO    General                 (kmer_splitters.hpp        : 197)   Processed 226116372 kmers
  0:15:21.435  9602M / 12G   INFO    General                 (kmer_splitters.hpp        : 197)   Processed 233187474 kmers
  0:15:23.735  9602M / 12G   INFO    General                 (kmer_splitters.hpp        : 197)   Processed 240466589 kmers
  0:15:26.036  9602M / 12G   INFO    General                 (kmer_splitters.hpp        : 197)   Processed 248074021 kmers
  0:15:28.314  9602M / 12G   INFO    General                 (kmer_splitters.hpp        : 197)   Processed 256081107 kmers
  0:15:30.944  9602M / 12G   INFO    General                 (kmer_splitters.hpp        : 197)   Processed 264622472 kmers
  0:15:33.433  9602M / 12G   INFO    General                 (kmer_splitters.hpp        : 197)   Processed 273683261 kmers
  0:16:15.577  9602M / 12G   INFO    General                 (kmer_splitters.hpp        : 197)   Processed 646983573 kmers
  0:17:16.232  9602M / 12G   INFO    General                 (kmer_splitters.hpp        : 197)   Processed 1074768355 kmers
  0:19:54.253  9602M / 12G   INFO    General                 (kmer_splitters.hpp        : 202)   Used 2138803319 kmers.
  0:19:54.262     2M / 12G   INFO    General                 (kmer_index_builder.hpp    : 314)   Starting k-mer counting.
  0:20:17.831     2M / 12G   INFO    General                 (kmer_index_builder.hpp    : 325)   K-mer counting done. There are 2086818773 kmers in total.
  0:20:17.835     2M / 12G   INFO   K-mer Index Building     (kmer_index_builder.hpp    : 460)   Building perfect hash indices
  0:21:21.650  1463M / 12G   INFO   K-mer Index Building     (kmer_index_builder.hpp    : 496)   Index built. Total 2086818773 kmers, 1507352768 bytes occupied (5.77857 bits per kmer).
  0:21:21.652  1463M / 12G   INFO    General                 (kmer_index_builder.hpp    : 191)   Merging final buckets.
mimalloc: warning: unable to allocate aligned OS memory directly, fall back to over-allocation (2092957696 bytes, address: 0x1518e778d000, alignment: 67108864, commit: 1)
  0:21:51.416  3454M / 12G   INFO   DeBruijnExtensionIndexBu (kmer_extension_index_build: 101)   Building k-mer extensions from k+1-mers
  0:24:01.592  3454M / 12G   INFO   DeBruijnExtensionIndexBu (kmer_extension_index_build: 106)   Building k-mer extensions from k+1-mers finished.
  0:24:02.096  3454M / 12G   INFO    General                 (stage.cpp                 : 121)   PROCEDURE == Condensing graph (id: construction:graph_condensing)
  0:24:02.526  3454M / 12G   INFO   UnbranchingPathExtractor (debruijn_graph_constructor: 324)   Extracting unbranching paths
mimalloc: warning: unable to allocate aligned OS memory directly, fall back to over-allocation (3179282432 bytes, address: 0x15169e2be000, alignment: 67108864, commit: 1)
  0:27:07.074    11G / 30G   INFO   UnbranchingPathExtractor (debruijn_graph_constructor: 348)   Extracting unbranching paths finished. 198367180 sequences extracted
mimalloc: warning: unable to allocate aligned OS memory directly, fall back to over-allocation (3179282432 bytes, address: 0x1515de800000, alignment: 67108864, commit: 1)
  0:28:40.485    11G / 33G   INFO   UnbranchingPathExtractor (debruijn_graph_constructor: 362)   Collecting perfect loops
  0:29:27.770    11G / 33G   INFO   UnbranchingPathExtractor (debruijn_graph_constructor: 395)   Collecting perfect loops finished. 5 loops collected
mimalloc: warning: unable to allocate aligned OS memory directly, fall back to over-allocation (6354370560 bytes, address: 0x151a43d95000, alignment: 67108864, commit: 1)
mimalloc: warning: unable to allocate aligned OS memory directly, fall back to over-allocation (3179282432 bytes, address: 0x151982800000, alignment: 67108864, commit: 1)
  0:29:36.727    11G / 33G   INFO   DeBruijnGraphConstructor (debruijn_graph_constructor: 593)   Sorting edges...
  0:29:48.806    11G / 33G   INFO   DeBruijnGraphConstructor (debruijn_graph_constructor: 598)   Edges sorted
  0:29:48.823    11G / 33G   INFO    General                 (debruijn_graph_constructor: 511)   Total 396734370 edges to create
mimalloc: warning: unable to allocate aligned OS memory directly, fall back to over-allocation (15955132416 bytes, address: 0x15152d000000, alignment: 67108864, commit: 1)
  0:29:48.867    26G / 33G   INFO    General                 (debruijn_graph_constructor: 514)   Collecting link records
mimalloc: warning: unable to allocate aligned OS memory directly, fall back to over-allocation (6354370560 bytes, address: 0x151a43d95000, alignment: 67108864, commit: 1)
  0:33:12.560    32G / 35G   INFO    General                 (debruijn_graph_constructor: 519)   Ordering link records
  0:33:19.299    32G / 41G   INFO    General                 (debruijn_graph_constructor: 525)   Sorting done
mimalloc: warning: unable to allocate aligned OS memory directly, fall back to over-allocation (1077936128 bytes, address: 0x1514ebc00000, alignment: 67108864, commit: 1)
mimalloc: warning: unable to allocate aligned OS memory directly, fall back to over-allocation (2151677952 bytes, address: 0x151467c00000, alignment: 67108864, commit: 1)
  0:33:21.960    34G / 41G   INFO    General                 (debruijn_graph_constructor: 538)   Sorting LinkRecords...
  0:33:28.844    34G / 41G   INFO    General                 (debruijn_graph_constructor: 544)   LinkRecords sorted
  0:33:28.848    34G / 41G   INFO    General                 (debruijn_graph_constructor: 546)   Total 146392319 vertices to create
mimalloc: warning: unable to allocate aligned OS memory directly, fall back to over-allocation (14130610176 bytes, address: 0x151119c00000, alignment: 67108864, commit: 1)
  0:33:28.862    47G / 47G   INFO    General                 (debruijn_graph_constructor: 549)   Connecting the graph
  0:37:25.639    36G / 50G   INFO    General                 (stage.cpp                 : 121)   PROCEDURE == Filling coverage indices (PHM) (id: construction:coverage_filling_phm)
  0:37:25.699    36G / 50G   INFO   K-mer Index Building     (kmer_index_builder.hpp    : 460)   Building perfect hash indices
  0:38:34.156    38G / 50G   INFO   K-mer Index Building     (kmer_index_builder.hpp    : 496)   Index built. Total 2138793639 kmers, 1544890368 bytes occupied (5.77855 bits per kmer).
mimalloc: warning: unable to allocate aligned OS memory directly, fall back to over-allocation (8560574464 bytes, address: 0x1519c0595000, alignment: 67108864, commit: 1)
  0:38:36.811    46G / 50G   INFO    General                 (coverage_hash_map_builder.:  49)   Collecting k-mer coverage information from reads, this takes a while.
  0:53:59.797    46G / 50G   INFO    General                 (construction.cpp          : 400)   Filling coverage and flanking coverage from PHM
  0:54:11.896    46G / 50G   INFO    General                 (coverage_filling.hpp      :  83)   Processed 16000000 edges
  0:54:19.398    46G / 50G   INFO    General                 (coverage_filling.hpp      :  83)   Processed 32000000 edges
  0:54:27.055    46G / 50G   INFO    General                 (coverage_filling.hpp      :  83)   Processed 48000000 edges
  0:54:34.836    46G / 50G   INFO    General                 (coverage_filling.hpp      :  83)   Processed 64000000 edges
  0:54:42.966    46G / 50G   INFO    General                 (coverage_filling.hpp      :  83)   Processed 80000000 edges
  0:54:51.437    46G / 50G   INFO    General                 (coverage_filling.hpp      :  83)   Processed 96000000 edges
  0:55:00.089    46G / 50G   INFO    General                 (coverage_filling.hpp      :  83)   Processed 112000000 edges
  0:55:08.737    46G / 50G   INFO    General                 (coverage_filling.hpp      :  83)   Processed 128000000 edges
  0:55:18.517    46G / 50G   INFO    General                 (coverage_filling.hpp      :  83)   Processed 144000000 edges
  0:55:24.508    46G / 50G   INFO    General                 (coverage_filling.hpp      :  83)   Processed 159716782 edges
  0:55:30.477    46G / 50G   INFO    General                 (coverage_filling.hpp      :  83)   Processed 175194143 edges
  0:55:36.182    46G / 50G   INFO    General                 (coverage_filling.hpp      :  83)   Processed 190343368 edges
  0:55:41.560    46G / 50G   INFO    General                 (coverage_filling.hpp      :  83)   Processed 205180292 edges
  0:55:46.928    46G / 50G   INFO    General                 (coverage_filling.hpp      :  83)   Processed 219754074 edges
  0:55:51.774    46G / 50G   INFO    General                 (coverage_filling.hpp      :  83)   Processed 234098221 edges
  0:55:56.850    46G / 50G   INFO    General                 (coverage_filling.hpp      :  83)   Processed 248376154 edges
  0:56:01.671    46G / 50G   INFO    General                 (coverage_filling.hpp      :  83)   Processed 262454782 edges
  0:56:06.406    46G / 50G   INFO    General                 (coverage_filling.hpp      :  83)   Processed 276369468 edges
  0:56:11.053    46G / 50G   INFO    General                 (coverage_filling.hpp      :  83)   Processed 290037713 edges
  0:57:08.486    33G / 50G   INFO   StageManager             (stage.cpp                 : 212)   STAGE == EC Threshold Finding (id: ec_threshold_finder)
  0:57:09.793    33G / 50G   INFO    General                 (kmer_coverage_model.cpp   : 182)   Kmer coverage valley at: 4
  0:57:09.849    33G / 50G   INFO    General                 (kmer_coverage_model.cpp   : 202)   K-mer histogram maximum: 22
  0:57:09.859    33G / 50G   INFO    General                 (kmer_coverage_model.cpp   : 238)   Estimated median coverage: 24. Coverage mad: 11.8608
  0:57:09.895    33G / 50G   INFO    General                 (kmer_coverage_model.cpp   : 260)   Fitting coverage model
  0:57:10.044    33G / 50G   INFO    General                 (kmer_coverage_model.cpp   : 296)   ... iteration 2
  0:57:10.214    33G / 50G   INFO    General                 (kmer_coverage_model.cpp   : 296)   ... iteration 4
  0:57:10.807    33G / 50G   INFO    General                 (kmer_coverage_model.cpp   : 296)   ... iteration 8
  0:57:12.150    33G / 50G   INFO    General                 (kmer_coverage_model.cpp   : 296)   ... iteration 16
  0:57:14.430    33G / 50G   INFO    General                 (kmer_coverage_model.cpp   : 296)   ... iteration 32
  0:57:19.046    33G / 50G   INFO    General                 (kmer_coverage_model.cpp   : 296)   ... iteration 64
  0:57:28.187    33G / 50G   INFO    General                 (kmer_coverage_model.cpp   : 296)   ... iteration 128
  0:57:34.235    33G / 50G   INFO    General                 (kmer_coverage_model.cpp   : 310)   Fitted mean coverage: 25.2389. Fitted coverage std. dev: 9.65343
  0:57:34.241    33G / 50G   INFO    General                 (kmer_coverage_model.cpp   : 335)   Probability of erroneous kmer at valley: 0.788353
  0:57:34.245    33G / 50G   INFO    General                 (kmer_coverage_model.cpp   : 359)   Preliminary threshold calculated as: 14
  0:57:34.251    33G / 50G   INFO    General                 (kmer_coverage_model.cpp   : 363)   Threshold adjusted to: 14
  0:57:34.255    33G / 50G   INFO    General                 (kmer_coverage_model.cpp   : 376)   Estimated genome size (ignoring repeats): 593970059
  0:57:34.271    33G / 50G   INFO    General                 (genomic_info_filler.cpp   :  56)   Mean coverage was calculated as 25.2389
  0:57:34.279    33G / 50G   INFO    General                 (genomic_info_filler.cpp   :  71)   EC coverage threshold value was calculated as 14
  0:57:34.284    33G / 50G   INFO    General                 (genomic_info_filler.cpp   :  72)   Trusted kmer low bound: 0
  0:57:34.288    33G / 50G   INFO   StageManager             (stage.cpp                 : 212)   STAGE == Gap Closer (id: early_gapcloser)
  0:57:34.517    33G / 50G   INFO    General                 (edge_index.hpp            : 132)   Size of edge index entries: 12/8
  0:57:48.916    34G / 50G   INFO    General                 (gap_closer.cpp            : 117)   Total edges in tip neighborhood: 36070496 out of 396730727, length: 571203909
  0:57:53.385    35G / 50G   INFO    General                 (edge_index.hpp            : 196)   Using small index (max_id = 398718044)
  0:57:56.393    35G / 50G   INFO   K-mer Index Building     (kmer_index_builder.hpp    : 460)   Building perfect hash indices
  0:58:33.316    35G / 50G   INFO   K-mer Index Building     (kmer_index_builder.hpp    : 496)   Index built. Total 527971499 kmers, 381335696 bytes occupied (5.77813 bits per kmer).
mimalloc: warning: unable to allocate aligned OS memory directly, fall back to over-allocation (4232052736 bytes, address: 0x151ac2595000, alignment: 67108864, commit: 1)
  0:58:34.974    39G / 50G   INFO    General                 (edge_index_builders.hpp   : 266)   Collecting edge information from graph, this takes a while.
  0:58:51.560    39G / 50G   INFO    General                 (sequence_mapper_notifier.h:  80)   Starting sequence mapping
  0:59:22.789    39G / 50G   INFO    General                 (sequence_mapper_notifier.h: 101)   Processed 200000 reads
  0:59:23.217    39G / 50G   INFO    General                 (sequence_mapper_notifier.h: 101)   Processed 400000 reads
  0:59:23.220    39G / 50G   INFO    General                 (sequence_mapper_notifier.h: 101)   Processed 600000 reads
  0:59:23.465    39G / 50G   INFO    General                 (sequence_mapper_notifier.h: 101)   Processed 800000 reads
  0:59:23.636    39G / 50G   INFO    General                 (sequence_mapper_notifier.h: 101)   Processed 1000000 reads
  0:59:23.752    39G / 50G   INFO    General                 (sequence_mapper_notifier.h: 101)   Processed 1200000 reads
  0:59:24.006    39G / 50G   INFO    General                 (sequence_mapper_notifier.h: 101)   Processed 2200000 reads
  0:59:56.081    39G / 50G   INFO    General                 (sequence_mapper_notifier.h: 101)   Processed 4200000 reads
  1:00:29.030    39G / 50G   INFO    General                 (sequence_mapper_notifier.h: 101)   Processed 8400000 reads
  1:02:02.880    39G / 50G   INFO    General                 (sequence_mapper_notifier.h: 101)   Processed 16800000 reads
  1:04:45.847    39G / 50G   INFO    General                 (sequence_mapper_notifier.h: 101)   Processed 33600000 reads
  1:10:21.191    39G / 50G   INFO    General                 (sequence_mapper_notifier.h: 101)   Processed 67200000 reads
  1:21:36.973    39G / 50G   INFO    General                 (sequence_mapper_notifier.h: 101)   Processed 134348173 reads
  1:22:55.555    40G / 50G   INFO    General                 (sequence_mapper_notifier.h: 120)   Total 137995273 reads processed
  1:23:09.845    36G / 50G   INFO    General                 (gap_closer.cpp            : 505)   Initializing gap closer
  1:23:09.897    36G / 50G   INFO   GapCloser                (gap_closer.cpp            : 421)   Collecting gap candidates
  1:23:20.999    36G / 50G   INFO   GapCloser                (gap_closer.cpp            : 425)   Total 503656 tips collected, total 584812 connection candidates
  1:23:22.713    36G / 50G   INFO   GapCloser                (gap_closer.cpp            : 446)   Closing short gaps complete: filled 1599 gaps after checking 582801 candidates
  1:23:27.732    36G / 50G   INFO    General                 (gap_closer.cpp            : 510)   Gap closer done
  1:23:29.436    33G / 50G   INFO   StageManager             (stage.cpp                 : 212)   STAGE == Raw Simplification (id: raw_simplification)
  1:23:29.532    33G / 50G   INFO    General                 (simplification.cpp        : 129)   PROCEDURE == Initial cleaning
  1:23:29.694    33G / 50G   INFO    General                 (simplification.cpp        :  63)   Most init cleaning disabled on main iteration
  1:23:29.702    33G / 50G   INFO   Simplification           (parallel_processing.hpp   : 168)   Running Self conjugate edge remover
  1:23:37.040    33G / 50G   INFO   Simplification           (parallel_processing.hpp   : 171)   Self conjugate edge remover triggered 0 times
  1:23:37.064    33G / 50G   INFO   StageManager             (stage.cpp                 : 212)   STAGE == Simplification (id: simplification)
  1:23:37.098    33G / 50G   INFO    General                 (simplification.cpp        : 397)   Graph simplification started
  1:23:37.104    33G / 50G   INFO    General                 (graph_simplification.hpp  : 646)   Creating parallel br instance
  1:23:37.109    33G / 50G   INFO    General                 (simplification.cpp        : 402)   PROCEDURE == Simplification cycle, iteration 1
  1:23:37.113    33G / 50G   INFO   Simplification           (parallel_processing.hpp   : 168)   Running Tip clipper
mimalloc: warning: unable to allocate aligned OS memory directly, fall back to over-allocation (1145044992 bytes, address: 0x151b7a595000, alignment: 67108864, commit: 1)
mimalloc: warning: unable to allocate aligned OS memory directly, fall back to over-allocation (1077936128 bytes, address: 0x151b37c00000, alignment: 67108864, commit: 1)
  1:27:30.050    34G / 50G   INFO   Simplification           (parallel_processing.hpp   : 171)   Tip clipper triggered 33857442 times
  1:27:30.327    34G / 50G   INFO   Simplification           (parallel_processing.hpp   : 168)   Running Bulge remover
mimalloc: warning: unable to allocate aligned OS memory directly, fall back to over-allocation (1145044992 bytes, address: 0x151aefc00000, alignment: 67108864, commit: 1)
mimalloc: warning: unable to allocate aligned OS memory directly, fall back to over-allocation (1077936128 bytes, address: 0x151aabc00000, alignment: 67108864, commit: 1)
mimalloc: warning: unable to allocate aligned OS memory directly, fall back to over-allocation (2285895680 bytes, address: 0x151a1fc00000, alignment: 67108864, commit: 1)
  2:19:59.744    71G / 79G   INFO   Simplification           (parallel_processing.hpp   : 171)   Bulge remover triggered 19454150 times
  2:20:00.143    71G / 79G   INFO   Simplification           (parallel_processing.hpp   : 168)   Running Low coverage edge remover
  2:23:56.506    72G / 81G   INFO   Simplification           (parallel_processing.hpp   : 171)   Low coverage edge remover triggered 18801271 times
  2:23:56.952    72G / 81G   INFO    General                 (simplification.cpp        : 402)   PROCEDURE == Simplification cycle, iteration 2
  2:23:57.047    72G / 81G   INFO   Simplification           (parallel_processing.hpp   : 168)   Running Tip clipper
  2:24:39.373    72G / 81G   INFO   Simplification           (parallel_processing.hpp   : 171)   Tip clipper triggered 314056 times
  2:24:39.527    72G / 81G   INFO   Simplification           (parallel_processing.hpp   : 168)   Running Bulge remover
  2:32:56.573    74G / 82G   INFO   Simplification           (parallel_processing.hpp   : 171)   Bulge remover triggered 1513834 times
  2:32:56.703    74G / 82G   INFO   Simplification           (parallel_processing.hpp   : 168)   Running Low coverage edge remover
  2:33:37.542    74G / 82G   INFO   Simplification           (parallel_processing.hpp   : 171)   Low coverage edge remover triggered 3409839 times
  2:33:37.677    74G / 82G   INFO    General                 (simplification.cpp        : 402)   PROCEDURE == Simplification cycle, iteration 3
  2:33:37.806    74G / 82G   INFO   Simplification           (parallel_processing.hpp   : 168)   Running Tip clipper
  2:33:49.049    74G / 82G   INFO   Simplification           (parallel_processing.hpp   : 171)   Tip clipper triggered 12722 times
  2:33:49.183    74G / 82G   INFO   Simplification           (parallel_processing.hpp   : 168)   Running Bulge remover
  2:36:01.923    74G / 83G   INFO   Simplification           (parallel_processing.hpp   : 171)   Bulge remover triggered 388509 times
  2:36:02.070    74G / 83G   INFO   Simplification           (parallel_processing.hpp   : 168)   Running Low coverage edge remover
  2:36:12.985    74G / 83G   INFO   Simplification           (parallel_processing.hpp   : 171)   Low coverage edge remover triggered 969656 times
  2:36:13.181    74G / 83G   INFO    General                 (simplification.cpp        : 402)   PROCEDURE == Simplification cycle, iteration 4
  2:36:13.334    74G / 83G   INFO   Simplification           (parallel_processing.hpp   : 168)   Running Tip clipper
  2:36:17.017    74G / 83G   INFO   Simplification           (parallel_processing.hpp   : 171)   Tip clipper triggered 1990 times
  2:36:17.173    74G / 83G   INFO   Simplification           (parallel_processing.hpp   : 168)   Running Bulge remover
  2:36:59.857    74G / 83G   INFO   Simplification           (parallel_processing.hpp   : 171)   Bulge remover triggered 120181 times
  2:37:00.010    74G / 83G   INFO   Simplification           (parallel_processing.hpp   : 168)   Running Low coverage edge remover
  2:37:04.228    74G / 83G   INFO   Simplification           (parallel_processing.hpp   : 171)   Low coverage edge remover triggered 348821 times
  2:37:04.418    74G / 83G   INFO    General                 (simplification.cpp        : 402)   PROCEDURE == Simplification cycle, iteration 5
  2:37:04.573    74G / 83G   INFO   Simplification           (parallel_processing.hpp   : 168)   Running Tip clipper
  2:37:06.281    74G / 83G   INFO   Simplification           (parallel_processing.hpp   : 171)   Tip clipper triggered 537 times
  2:37:06.433    74G / 83G   INFO   Simplification           (parallel_processing.hpp   : 168)   Running Bulge remover
  2:37:22.638    74G / 83G   INFO   Simplification           (parallel_processing.hpp   : 171)   Bulge remover triggered 45488 times
  2:37:22.813    74G / 83G   INFO   Simplification           (parallel_processing.hpp   : 168)   Running Low coverage edge remover
  2:37:25.294    74G / 83G   INFO   Simplification           (parallel_processing.hpp   : 171)   Low coverage edge remover triggered 223824 times
  2:37:25.468    74G / 83G   INFO    General                 (simplification.cpp        : 402)   PROCEDURE == Simplification cycle, iteration 6
  2:37:25.621    74G / 83G   INFO   Simplification           (parallel_processing.hpp   : 168)   Running Tip clipper
  2:37:26.465    74G / 83G   INFO   Simplification           (parallel_processing.hpp   : 171)   Tip clipper triggered 320 times
  2:37:26.620    74G / 83G   INFO   Simplification           (parallel_processing.hpp   : 168)   Running Bulge remover
  2:37:38.008    74G / 83G   INFO   Simplification           (parallel_processing.hpp   : 171)   Bulge remover triggered 29606 times
  2:37:38.184    74G / 83G   INFO   Simplification           (parallel_processing.hpp   : 168)   Running Low coverage edge remover
  2:37:39.873    74G / 83G   INFO   Simplification           (parallel_processing.hpp   : 171)   Low coverage edge remover triggered 132919 times
  2:37:40.045    74G / 83G   INFO    General                 (simplification.cpp        : 402)   PROCEDURE == Simplification cycle, iteration 7
  2:37:40.203    74G / 83G   INFO   Simplification           (parallel_processing.hpp   : 168)   Running Tip clipper
  2:37:40.870    74G / 83G   INFO   Simplification           (parallel_processing.hpp   : 171)   Tip clipper triggered 160 times
  2:37:41.027    74G / 83G   INFO   Simplification           (parallel_processing.hpp   : 168)   Running Bulge remover
  2:37:48.127    74G / 83G   INFO   Simplification           (parallel_processing.hpp   : 171)   Bulge remover triggered 17155 times
  2:37:48.291    74G / 83G   INFO   Simplification           (parallel_processing.hpp   : 168)   Running Low coverage edge remover
  2:37:49.829    74G / 83G   INFO   Simplification           (parallel_processing.hpp   : 171)   Low coverage edge remover triggered 116477 times
  2:37:50.001    74G / 83G   INFO    General                 (simplification.cpp        : 402)   PROCEDURE == Simplification cycle, iteration 8
  2:37:50.155    74G / 83G   INFO   Simplification           (parallel_processing.hpp   : 168)   Running Tip clipper
  2:37:50.654    74G / 83G   INFO   Simplification           (parallel_processing.hpp   : 171)   Tip clipper triggered 120 times
  2:37:50.809    74G / 83G   INFO   Simplification           (parallel_processing.hpp   : 168)   Running Bulge remover
  2:37:57.248    74G / 83G   INFO   Simplification           (parallel_processing.hpp   : 171)   Bulge remover triggered 14119 times
  2:37:57.413    74G / 83G   INFO   Simplification           (parallel_processing.hpp   : 168)   Running Low coverage edge remover
  2:37:59.033    74G / 83G   INFO   Simplification           (parallel_processing.hpp   : 171)   Low coverage edge remover triggered 119474 times
  2:37:59.213    74G / 83G   INFO    General                 (simplification.cpp        : 402)   PROCEDURE == Simplification cycle, iteration 9
  2:37:59.370    74G / 83G   INFO   Simplification           (parallel_processing.hpp   : 168)   Running Tip clipper
  2:37:59.864    74G / 83G   INFO   Simplification           (parallel_processing.hpp   : 171)   Tip clipper triggered 111 times
  2:38:00.019    74G / 83G   INFO   Simplification           (parallel_processing.hpp   : 168)   Running Bulge remover
  2:38:05.760    74G / 83G   INFO   Simplification           (parallel_processing.hpp   : 171)   Bulge remover triggered 12965 times
  2:38:05.936    74G / 83G   INFO   Simplification           (parallel_processing.hpp   : 168)   Running Low coverage edge remover
  2:38:07.546    74G / 83G   INFO   Simplification           (parallel_processing.hpp   : 171)   Low coverage edge remover triggered 115734 times
  2:38:07.713    74G / 83G   INFO    General                 (simplification.cpp        : 402)   PROCEDURE == Simplification cycle, iteration 10
  2:38:07.859    74G / 83G   INFO   Simplification           (parallel_processing.hpp   : 168)   Running Tip clipper
  2:38:08.338    74G / 83G   INFO   Simplification           (parallel_processing.hpp   : 171)   Tip clipper triggered 83 times
  2:38:08.483    74G / 83G   INFO   Simplification           (parallel_processing.hpp   : 168)   Running Bulge remover
  2:38:13.489    74G / 83G   INFO   Simplification           (parallel_processing.hpp   : 171)   Bulge remover triggered 11068 times
  2:38:13.645    74G / 83G   INFO   Simplification           (parallel_processing.hpp   : 168)   Running Low coverage edge remover
  2:38:15.729    74G / 83G   INFO   Simplification           (parallel_processing.hpp   : 171)   Low coverage edge remover triggered 137771 times
  2:38:15.933    74G / 83G   INFO    General                 (simplification.cpp        : 402)   PROCEDURE == Simplification cycle, iteration 11
  2:38:16.084    74G / 83G   INFO   Simplification           (parallel_processing.hpp   : 168)   Running Tip clipper
  2:38:18.149    74G / 83G   INFO   Simplification           (parallel_processing.hpp   : 171)   Tip clipper triggered 4951 times
  2:38:18.296    74G / 83G   INFO   Simplification           (parallel_processing.hpp   : 168)   Running Bulge remover
  2:39:20.880    75G / 83G   INFO   Simplification           (parallel_processing.hpp   : 171)   Bulge remover triggered 61501 times
  2:39:21.031    75G / 83G   INFO   Simplification           (parallel_processing.hpp   : 168)   Running Low coverage edge remover
  2:39:23.188    75G / 83G   INFO   Simplification           (parallel_processing.hpp   : 171)   Low coverage edge remover triggered 8 times
  2:39:23.317    75G / 83G   INFO    General                 (simplification.cpp        : 402)   PROCEDURE == Simplification cycle, iteration 12
  2:39:23.446    75G / 83G   INFO   Simplification           (parallel_processing.hpp   : 168)   Running Tip clipper
  2:39:24.316    75G / 83G   INFO   Simplification           (parallel_processing.hpp   : 171)   Tip clipper triggered 0 times
  2:39:24.446    75G / 83G   INFO   Simplification           (parallel_processing.hpp   : 168)   Running Bulge remover
  2:39:24.980    74G / 83G   INFO   Simplification           (parallel_processing.hpp   : 171)   Bulge remover triggered 1 times
  2:39:25.109    74G / 83G   INFO   Simplification           (parallel_processing.hpp   : 168)   Running Low coverage edge remover
  2:39:25.237    74G / 83G   INFO   Simplification           (parallel_processing.hpp   : 171)   Low coverage edge remover triggered 0 times
  2:39:25.365    74G / 83G   INFO    General                 (simplification.cpp        : 402)   PROCEDURE == Simplification cycle, iteration 13
  2:39:25.493    74G / 83G   INFO   Simplification           (parallel_processing.hpp   : 168)   Running Tip clipper
  2:39:25.680    74G / 83G   INFO   Simplification           (parallel_processing.hpp   : 171)   Tip clipper triggered 0 times
  2:39:25.808    74G / 83G   INFO   Simplification           (parallel_processing.hpp   : 168)   Running Bulge remover
  2:39:25.937    74G / 83G   INFO   Simplification           (parallel_processing.hpp   : 171)   Bulge remover triggered 0 times
  2:39:26.064    74G / 83G   INFO   Simplification           (parallel_processing.hpp   : 168)   Running Low coverage edge remover
  2:39:26.192    74G / 83G   INFO   Simplification           (parallel_processing.hpp   : 171)   Low coverage edge remover triggered 0 times
  2:39:28.541    70G / 83G   INFO   StageManager             (stage.cpp                 : 212)   STAGE == Gap Closer (id: late_gapcloser)
  2:39:28.924    70G / 83G   INFO    General                 (edge_index.hpp            : 132)   Size of edge index entries: 12/8
  2:39:30.795    70G / 83G   INFO    General                 (gap_closer.cpp            : 117)   Total edges in tip neighborhood: 1408932 out of 36082569, length: 104259379
  2:39:31.103    70G / 83G   INFO    General                 (edge_index.hpp            : 196)   Using small index (max_id = 398718044)
  2:39:31.502    70G / 83G   INFO   K-mer Index Building     (kmer_index_builder.hpp    : 460)   Building perfect hash indices
  2:39:33.854    70G / 83G   INFO   K-mer Index Building     (kmer_index_builder.hpp    : 496)   Index built. Total 55033432 kmers, 39749602 bytes occupied (5.77825 bits per kmer).
  2:39:34.152    70G / 83G   INFO    General                 (edge_index_builders.hpp   : 266)   Collecting edge information from graph, this takes a while.
  2:39:35.979    70G / 83G   INFO    General                 (sequence_mapper_notifier.h:  80)   Starting sequence mapping
  2:40:27.655    70G / 83G   INFO    General                 (sequence_mapper_notifier.h: 101)   Processed 200000 reads
  2:40:27.755    70G / 83G   INFO    General                 (sequence_mapper_notifier.h: 101)   Processed 400000 reads
  2:40:27.817    70G / 83G   INFO    General                 (sequence_mapper_notifier.h: 101)   Processed 600000 reads
  2:40:30.109    70G / 83G   INFO    General                 (sequence_mapper_notifier.h: 101)   Processed 800000 reads
  2:40:30.109    70G / 83G   INFO    General                 (sequence_mapper_notifier.h: 101)   Processed 1000000 reads
  2:40:30.110    70G / 83G   INFO    General                 (sequence_mapper_notifier.h: 101)   Processed 1200000 reads
  2:40:30.165    70G / 83G   INFO    General                 (sequence_mapper_notifier.h: 101)   Processed 2200000 reads
  2:41:21.935    70G / 83G   INFO    General                 (sequence_mapper_notifier.h: 101)   Processed 4200000 reads
  2:42:16.034    70G / 83G   INFO    General                 (sequence_mapper_notifier.h: 101)   Processed 8400000 reads
  2:44:48.877    70G / 83G   INFO    General                 (sequence_mapper_notifier.h: 101)   Processed 16800000 reads
  2:49:21.532    70G / 83G   INFO    General                 (sequence_mapper_notifier.h: 101)   Processed 33600000 reads
  2:58:50.377    70G / 83G   INFO    General                 (sequence_mapper_notifier.h: 101)   Processed 67200000 reads
  3:17:26.733    70G / 83G   INFO    General                 (sequence_mapper_notifier.h: 101)   Processed 134397700 reads
  3:20:02.726    70G / 83G   INFO    General                 (sequence_mapper_notifier.h: 120)   Total 137995273 reads processed
  3:20:03.078    70G / 83G   INFO    General                 (gap_closer.cpp            : 505)   Initializing gap closer
  3:20:03.218    70G / 83G   INFO   GapCloser                (gap_closer.cpp            : 421)   Collecting gap candidates
  3:20:05.231    70G / 83G   INFO   GapCloser                (gap_closer.cpp            : 425)   Total 11298 tips collected, total 11695 connection candidates
  3:20:05.416    70G / 83G   INFO   GapCloser                (gap_closer.cpp            : 446)   Closing short gaps complete: filled 260 gaps after checking 11424 candidates
  3:20:07.384    70G / 83G   INFO    General                 (gap_closer.cpp            : 510)   Gap closer done
  3:20:07.555    70G / 83G   INFO   StageManager             (stage.cpp                 : 212)   STAGE == Simplification Cleanup (id: simplification_cleanup)
  3:20:07.737    70G / 83G   INFO    General                 (simplification.cpp        : 189)   PROCEDURE == Post simplification
  3:20:07.911    70G / 83G   INFO    General                 (graph_simplification.hpp  : 455)   Disconnection of relatively low covered edges disabled
  3:20:08.032    70G / 83G   INFO    General                 (graph_simplification.hpp  : 494)   Complex tip clipping disabled
  3:20:08.178    70G / 83G   INFO    General                 (graph_simplification.hpp  : 646)   Creating parallel br instance
  3:20:08.337    70G / 83G   INFO   Simplification           (parallel_processing.hpp   : 168)   Running Tip clipper
  3:20:10.668    70G / 83G   INFO   Simplification           (parallel_processing.hpp   : 171)   Tip clipper triggered 0 times
  3:20:10.791    70G / 83G   INFO   Simplification           (parallel_processing.hpp   : 168)   Running Bulge remover
  3:20:55.395    70G / 83G   INFO   Simplification           (parallel_processing.hpp   : 171)   Bulge remover triggered 2768 times
  3:20:55.516    70G / 83G   INFO   Simplification           (parallel_processing.hpp   : 168)   Running Tip clipper
  3:20:57.766    70G / 83G   INFO   Simplification           (parallel_processing.hpp   : 171)   Tip clipper triggered 0 times
  3:20:57.885    70G / 83G   INFO   Simplification           (parallel_processing.hpp   : 168)   Running Bulge remover
  3:21:42.879    70G / 83G   INFO   Simplification           (parallel_processing.hpp   : 171)   Bulge remover triggered 187 times
  3:21:43.002    70G / 83G   INFO   Simplification           (parallel_processing.hpp   : 168)   Running Tip clipper
  3:21:43.125    70G / 83G   INFO   Simplification           (parallel_processing.hpp   : 171)   Tip clipper triggered 0 times
  3:21:43.247    70G / 83G   INFO   Simplification           (parallel_processing.hpp   : 168)   Running Bulge remover
  3:21:43.368    70G / 83G   INFO   Simplification           (parallel_processing.hpp   : 171)   Bulge remover triggered 0 times
  3:21:43.495    70G / 83G   INFO    General                 (simplification.cpp        : 348)   Disrupting self-conjugate edges
  3:22:01.112    70G / 83G   INFO   Simplification           (parallel_processing.hpp   : 168)   Running Removing isolated edges
  3:22:04.299    70G / 83G   INFO   Simplification           (parallel_processing.hpp   : 171)   Removing isolated edges triggered 655818 times
  3:22:06.603    70G / 83G   INFO    General                 (simplification.cpp        : 508)   After simplification:
  3:22:06.744    70G / 83G   INFO    General                 (simplification.cpp        : 509)     Average coverage = 54.4412
  3:22:08.986    70G / 83G   INFO    General                 (simplification.cpp        : 510)     Total length = 594917747
  3:22:12.743    70G / 83G   INFO    General                 (simplification.cpp        : 511)     Median edge length: 198
  3:22:12.863    70G / 83G   INFO    General                 (simplification.cpp        : 512)     Edges: 34754219
  3:22:12.980    70G / 83G   INFO    General                 (simplification.cpp        : 513)     Vertices: 21584670
  3:22:13.099    70G / 83G   INFO   StageManager             (stage.cpp                 : 212)   STAGE == Mismatch Correction (id: mismatch_correction)
  3:22:13.259    70G / 83G   INFO    General                 (graph_pack_helpers.cpp    :  44)   Index refill
  3:22:13.392    70G / 83G   INFO    General                 (edge_index.hpp            : 175)   Using small index (max_id = 398718044)
  3:22:21.022    70G / 83G   INFO   K-mer Index Building     (kmer_index_builder.hpp    : 460)   Building perfect hash indices
  3:24:00.891    70G / 83G   INFO   K-mer Index Building     (kmer_index_builder.hpp    : 496)   Index built. Total 594881303 kmers, 429662550 bytes occupied (5.77813 bits per kmer).
  3:24:02.878    75G / 83G   INFO    General                 (edge_index_builders.hpp   : 253)   Collecting edge information from graph, this takes a while.
  3:24:27.840    75G / 83G   INFO    General                 (graph_pack_helpers.cpp    :  54)   Normalizing k-mer map. Total 1354964278 kmers to process
  3:36:07.457    76G / 84G   INFO    General                 (kmer_mapper.hpp           :  87)   Total 103581916 kmers with non-trivial roots
  3:36:19.971    75G / 84G   INFO    General                 (graph_pack_helpers.cpp    :  56)   Normalizing done
  3:36:20.127    75G / 84G   INFO    General                 (mismatch_correction.cpp   : 421)   Collect potential mismatches
  3:42:54.388    79G / 90G   INFO    General                 (mismatch_correction.cpp   : 213)   Total 25079376 edges (out of 34754219) with 163105432 potential mismatch positions (6.50357 positions per edge)
  3:42:55.320    77G / 90G   INFO    General                 (mismatch_correction.cpp   : 423)   Potential mismatches collected
  3:42:56.679    77G / 90G   INFO    General                 (sequence_mapper_notifier.h:  80)   Starting sequence mapping
  3:43:10.280    77G / 90G   INFO    General                 (sequence_mapper_notifier.h: 101)   Processed 200000 reads
  3:43:10.531    77G / 90G   INFO    General                 (sequence_mapper_notifier.h: 101)   Processed 400000 reads
  3:43:10.581    77G / 90G   INFO    General                 (sequence_mapper_notifier.h: 101)   Processed 600000 reads
  3:43:10.676    77G / 90G   INFO    General                 (sequence_mapper_notifier.h: 101)   Processed 800000 reads
  3:43:10.727    77G / 90G   INFO    General                 (sequence_mapper_notifier.h: 101)   Processed 1000000 reads
  3:43:11.044    77G / 90G   INFO    General                 (sequence_mapper_notifier.h: 101)   Processed 1200000 reads
  3:43:11.574    77G / 90G   INFO    General                 (sequence_mapper_notifier.h: 101)   Processed 2200000 reads
  3:43:20.121    77G / 90G   INFO    General                 (sequence_mapper_notifier.h: 101)   Processed 4200000 reads
  3:43:29.459    77G / 90G   INFO    General                 (sequence_mapper_notifier.h: 101)   Processed 8400000 reads
  3:43:54.194    77G / 90G   INFO    General                 (sequence_mapper_notifier.h: 101)   Processed 16800000 reads
  3:44:40.554    77G / 90G   INFO    General                 (sequence_mapper_notifier.h: 101)   Processed 33600000 reads
  3:46:15.105    78G / 90G   INFO    General                 (sequence_mapper_notifier.h: 101)   Processed 67200000 reads
  3:49:37.313    78G / 92G   INFO    General                 (sequence_mapper_notifier.h: 101)   Processed 134400000 reads
  3:59:16.455    79G / 98G   INFO    General                 (sequence_mapper_notifier.h: 101)   Processed 268600000 reads
  4:27:03.180    81G / 105G  INFO    General                 (sequence_mapper_notifier.h: 101)   Processed 537000000 reads
  4:30:20.003   100G / 105G  INFO    General                 (sequence_mapper_notifier.h: 120)   Total 555371126 reads processed
  4:30:36.373    79G / 105G  INFO    General                 (mismatch_correction.cpp   : 416)   All edges processed
  4:30:40.969    75G / 105G  INFO    General                 (mismatch_correction.cpp   : 471)   Corrected 2589 nucleotides
  4:30:41.137    75G / 105G  INFO   StageManager             (stage.cpp                 : 212)   STAGE == Contig Output (id: contig_output)
  4:30:41.419    75G / 105G  INFO    General                 (contig_output.hpp         :  20)   Outputting contigs to "/project/def-meskanda/yhezema/MAGIC/Assembly/assemblies/RG11/unicycler/spades_assembly/K27/before_rr.fasta"
  4:31:44.965    75G / 105G  INFO    General                 (contig_output_stage.cpp   : 159)   Writing GFA graph to "/project/def-meskanda/yhezema/MAGIC/Assembly/assemblies/RG11/unicycler/spades_assembly/K27/assembly_graph_after_simplification.gfa"
  4:32:40.866    75G / 105G  INFO   StageManager             (stage.cpp                 : 212)   STAGE == Paired Information Counting (id: late_pair_info_count)
  4:33:03.775    81G / 105G  INFO    General                 (graph_pack_helpers.cpp    :  54)   Normalizing k-mer map. Total 1355034092 kmers to process
  4:44:13.762    82G / 105G  INFO    General                 (kmer_mapper.hpp           :  87)   Total 595870 kmers with non-trivial roots
  4:44:13.955    81G / 105G  INFO    General                 (graph_pack_helpers.cpp    :  56)   Normalizing done
  4:44:23.925    81G / 105G  INFO    General                 (pair_info_count.cpp       : 165)   Min edge length for estimation: 198
  4:44:24.149    81G / 105G  INFO    General                 (pair_info_count.cpp       : 176)   Estimating insert size for library #0
  4:44:24.349    81G / 105G  INFO    General                 (pair_info_count.cpp       :  41)   Selecting usual mapper
  4:44:24.594    81G / 105G  INFO    General                 (paired_info_utils.cpp     : 102)   Estimating insert size (takes a while)
  4:44:25.320    82G / 105G  INFO    General                 (sequence_mapper_notifier.h:  80)   Starting sequence mapping
  4:45:03.142    82G / 105G  INFO    General                 (sequence_mapper_notifier.h: 101)   Processed 200000 reads
  4:45:03.357    82G / 105G  INFO    General                 (sequence_mapper_notifier.h: 101)   Processed 400000 reads
  4:45:03.412    82G / 105G  INFO    General                 (sequence_mapper_notifier.h: 101)   Processed 600000 reads
  4:45:06.367    82G / 105G  INFO    General                 (sequence_mapper_notifier.h: 101)   Processed 800000 reads
  4:45:06.391    82G / 105G  INFO    General                 (sequence_mapper_notifier.h: 101)   Processed 1000000 reads
  4:45:06.415    82G / 105G  INFO    General                 (sequence_mapper_notifier.h: 101)   Processed 1200000 reads
  4:45:07.220    82G / 105G  INFO    General                 (sequence_mapper_notifier.h: 101)   Processed 2200000 reads
  4:45:44.556    82G / 105G  INFO    General                 (sequence_mapper_notifier.h: 101)   Processed 4200000 reads
  4:46:30.776    82G / 105G  INFO    General                 (sequence_mapper_notifier.h: 101)   Processed 8400000 reads
  4:48:15.181    82G / 105G  INFO    General                 (sequence_mapper_notifier.h: 101)   Processed 16800000 reads
  4:51:52.204    82G / 105G  INFO    General                 (sequence_mapper_notifier.h: 101)   Processed 33600000 reads
  4:58:32.636    82G / 105G  INFO    General                 (sequence_mapper_notifier.h: 101)   Processed 67200000 reads
  5:12:15.883    82G / 105G  INFO    General                 (sequence_mapper_notifier.h: 101)   Processed 134348273 reads
  5:13:56.609    82G / 105G  INFO    General                 (sequence_mapper_notifier.h: 120)   Total 137995273 reads processed
  5:13:56.967    82G / 105G  INFO    General                 (paired_info_utils.cpp     : 119)   Edge pairs: 29373401096
  5:13:57.113    82G / 105G  INFO    General                 (paired_info_utils.cpp     : 121)   15599742 paired reads (11.3045% of all) aligned to long edges
  5:13:57.287    81G / 105G  INFO    General                 (pair_info_count.cpp       : 196)     Insert size = 272.303, deviation = 114.39, left quantile = 160, right quantile = 430, read length = 151
  5:13:57.432    81G / 105G  INFO    General                 (pair_info_count.cpp       : 211)   Filtering data for library #0
  5:13:57.576    81G / 105G  INFO    General                 (pair_info_count.cpp       :  41)   Selecting usual mapper
  5:14:20.794   163G / 174G  INFO    General                 (sequence_mapper_notifier.h:  80)   Starting sequence mapping
  5:17:29.855   163G / 174G  INFO    General                 (sequence_mapper_notifier.h: 101)   Processed 200000 reads
  5:17:30.652   163G / 174G  INFO    General                 (sequence_mapper_notifier.h: 101)   Processed 400000 reads
  5:17:31.257   163G / 174G  INFO    General                 (sequence_mapper_notifier.h: 101)   Processed 600000 reads
  5:17:31.584   163G / 174G  INFO    General                 (sequence_mapper_notifier.h: 101)   Processed 800000 reads
  5:17:32.134   163G / 174G  INFO    General                 (sequence_mapper_notifier.h: 101)   Processed 1000000 reads
  5:17:35.251   163G / 174G  INFO    General                 (sequence_mapper_notifier.h: 101)   Processed 1200000 reads
  5:18:06.665   163G / 174G  INFO    General                 (sequence_mapper_notifier.h: 101)   Processed 2200000 reads
  5:20:48.814   163G / 174G  INFO    General                 (sequence_mapper_notifier.h: 101)   Processed 4200000 reads
  5:25:22.165   163G / 174G  INFO    General                 (sequence_mapper_notifier.h: 101)   Processed 8400000 reads
  5:32:05.405   163G / 174G  INFO    General                 (sequence_mapper_notifier.h: 101)   Processed 16800000 reads
  5:47:54.875   163G / 174G  INFO    General                 (sequence_mapper_notifier.h: 101)   Processed 33600000 reads
  6:16:06.778   163G / 174G  INFO    General                 (sequence_mapper_notifier.h: 101)   Processed 67200000 reads
  7:11:26.741   163G / 174G  INFO    General                 (sequence_mapper_notifier.h: 101)   Processed 134274100 reads
  7:16:27.189   163G / 174G  INFO    General                 (sequence_mapper_notifier.h: 120)   Total 137995273 reads processed
  7:16:27.354   163G / 174G  INFO    General                 (pair_info_count.cpp       : 216)   Mapping library #0
  7:16:27.484   163G / 174G  INFO    General                 (pair_info_count.cpp       : 218)   Mapping paired reads (takes a while)
  7:16:27.633   163G / 174G  INFO    General                 (pair_info_count.cpp       :  41)   Selecting usual mapper
  7:16:27.869   163G / 174G  INFO    General                 (paired_info_utils.cpp     : 152)   Left insert size quantile 160, right insert size quantile 430, filtering threshold 2, rounding threshold 0
  7:16:28.608   163G / 174G  INFO    General                 (sequence_mapper_notifier.h:  80)   Starting sequence mapping
  7:40:18.583   176G / 333G  INFO    General                 (sequence_mapper_notifier.h: 101)   Processed 200000 reads
  7:40:20.602   189G / 333G  INFO    General                 (sequence_mapper_notifier.h: 101)   Processed 400000 reads
  7:40:26.049   201G / 333G  INFO    General                 (sequence_mapper_notifier.h: 101)   Processed 600000 reads
  7:40:38.680   214G / 334G  INFO    General                 (sequence_mapper_notifier.h: 101)   Processed 800000 reads
  7:40:38.952   227G / 334G  INFO    General                 (sequence_mapper_notifier.h: 101)   Processed 1000000 reads
  7:42:40.321   239G / 345G  INFO    General                 (sequence_mapper_notifier.h: 101)   Processed 1200000 reads
  7:48:49.275   251G / 377G  INFO    General                 (sequence_mapper_notifier.h: 101)   Processed 2200000 reads


== Error ==  system call for: "['/home/yhezema/.local/share/mamba/envs/unicycler_env/bin/spades-core', '/project/def-meskanda/yhezema/MAGIC/Assembly/assemblies/RG11/unicycler/spades_assembly/K27/configs/config.info', '/project/def-meskanda/yhezema/MAGIC/Assembly/assemblies/RG11/unicycler/spades_assembly/K27/configs/isolate_mode.info']" finished abnormally, OS return value: -9
None

In case you have troubles running SPAdes, you can report an issue on our GitHub repository github.com/ablab/spades
Please provide us with params.txt and spades.log files from the output directory.

SPAdes log can be found here: /project/def-meskanda/yhezema/MAGIC/Assembly/assemblies/RG11/unicycler/spades_assembly/spades.log

Thank you for using SPAdes! If you use it in your research, please cite:

  Prjibelski, A., Antipov, D., Meleshko, D., Lapidus, A. and Korobeynikov, A., 2020. Using SPAdes de novo assembler. Current protocols in bioinformatics, 70(1), p.e102.
  doi.org/10.1002/cpbi.102

